#
# A fatal error has been detected by the Java Runtime Environment:
#
#  EXCEPTION_ACCESS_VIOLATION (0xc0000005) at pc=0x00007fff0e4c1de7, pid=14668, tid=16272
#
# JRE version: Java(TM) SE Runtime Environment (21.0.4+8) (build 21.0.4+8-LTS-274)
# Java VM: Java HotSpot(TM) 64-Bit Server VM (21.0.4+8-LTS-274, mixed mode, sharing, tiered, compressed oops, compressed class ptrs, g1 gc, windows-amd64)
# Problematic frame:
# V  [jvm.dll+0x1e1de7]
#
# No core dump will be written. Minidumps are not enabled by default on client versions of Windows
#
# If you would like to submit a bug report, please visit:
#   https://bugreport.java.com/bugreport/crash.jsp
#

---------------  S U M M A R Y ------------

Command Line: -ea --enable-preview -Didea.test.cyclic.buffer.size=1048576 -javaagent:C:\Users\user\AppData\Local\JetBrains\IntelliJ IDEA Community Edition 2024.2.0.2\lib\idea_rt.jar=51265:C:\Users\user\AppData\Local\JetBrains\IntelliJ IDEA Community Edition 2024.2.0.2\bin -Dfile.encoding=UTF-8 -Dsun.stdout.encoding=UTF-8 -Dsun.stderr.encoding=UTF-8 com.intellij.rt.testng.RemoteTestNGStarter -usedefaultlisteners false -socket51264 @w@C:\Users\user\AppData\Local\Temp\idea_working_dirs_testng.tmp -temp C:\Users\user\AppData\Local\Temp\idea_testng.tmp

Host: Intel(R) Core(TM) i7-5600U CPU @ 2.60GHz, 4 cores, 7G,  Windows 10 , 64 bit Build 19041 (10.0.19041.5198)
Time: Thu Jan  9 11:02:31 2025 Pacific Standard Time elapsed time: 1.503806 seconds (0d 0h 0m 1s)

---------------  T H R E A D  ---------------

Current thread (0x0000029ed315a950):  JavaThread "C2 CompilerThread0" daemon [_thread_in_native, id=16272, stack(0x000000b968c00000,0x000000b968d00000) (1024K)]


Current CompileTask:
C2:   1504  745   !   4       jdk.internal.loader.URLClassPath$JarLoader::getResource (40 bytes)

Stack: [0x000000b968c00000,0x000000b968d00000],  sp=0x000000b968cfc840,  free space=1010k
Native frames: (J=compiled Java code, j=interpreted, Vv=VM code, C=native code)
V  [jvm.dll+0x1e1de7]
V  [jvm.dll+0x3b41cb]
V  [jvm.dll+0x3b32d5]
V  [jvm.dll+0x1df46e]
V  [jvm.dll+0x2463d2]
V  [jvm.dll+0x24585f]
V  [jvm.dll+0x1c69de]
V  [jvm.dll+0x254d49]
V  [jvm.dll+0x2532da]
V  [jvm.dll+0x3ed426]
V  [jvm.dll+0x7fd65b]
V  [jvm.dll+0x6c753d]
C  [ucrtbase.dll+0x21bb2]
C  [KERNEL32.DLL+0x17374]
C  [ntdll.dll+0x4cc91]


siginfo: EXCEPTION_ACCESS_VIOLATION (0xc0000005), reading address 0x00007fff06efff98


Registers:
RAX=0x00007fff0eefff90, RBX=0x0000029ed3d59f10, RCX=0x0000000000000009, RDX=0x0000000000000200
RSP=0x000000b968cfc840, RBP=0x000000b968cfcbe0, RSI=0x00000000000002b9, RDI=0x0000000000000001
R8 =0x00007fff06efff90, R9 =0x0000000000000000, R10=0xffffffffffffffff, R11=0x000000000000000a
R12=0x0000029ed3c6e0ec, R13=0x0000000000000022, R14=0x000000b968cfcf80, R15=0x0000000000000000
RIP=0x00007fff0e4c1de7, EFLAGS=0x0000000000010206


Register to memory mapping:

RAX=0x00007fff0eefff90 jvm.dll
RBX=0x0000029ed3d59f10 points into unknown readable memory: 0x0000000200000005 | 05 00 00 00 02 00 00 00
RCX=0x0000000000000009 is an unknown value
RDX=0x0000000000000200 is an unknown value
RSP=0x000000b968cfc840 is pointing into the stack for thread: 0x0000029ed315a950
RBP=0x000000b968cfcbe0 is pointing into the stack for thread: 0x0000029ed315a950
RSI=0x00000000000002b9 is an unknown value
RDI=0x0000000000000001 is an unknown value
R8 =0x00007fff06efff90 is an unknown value
R9 =0x0 is null
R10=0xffffffffffffffff is an unknown value
R11=0x000000000000000a is an unknown value
R12=0x0000029ed3c6e0ec points into unknown readable memory: 12 00 00 00
R13=0x0000000000000022 is an unknown value
R14=0x000000b968cfcf80 is pointing into the stack for thread: 0x0000029ed315a950
R15=0x0 is null

Top of Stack: (sp=0x000000b968cfc840)
0x000000b968cfc840:   0000029ed3d59f10 00007fff0eefff90
0x000000b968cfc850:   00000000000005ba 0000000000000000
0x000000b968cfc860:   0000029ed3d96700 00007fff0e6941cb
0x000000b968cfc870:   0000029ed3d9b400 000000b968cfcbe0
0x000000b968cfc880:   00000000000002b9 0000000000000000
0x000000b968cfc890:   0000000000000000 0000000200000249
0x000000b968cfc8a0:   0000000600000003 0000029ed3c89f40
0x000000b968cfc8b0:   000000b968cfc9d0 000000b968cfc9c0
0x000000b968cfc8c0:   0000029ed3c6e0c0 0000029ed3d9b400
0x000000b968cfc8d0:   0000000000000002 00007fff0e6932d5
0x000000b968cfc8e0:   0000029ed3c6e0ec 000000b968cfc9e0
0x000000b968cfc8f0:   000000b968cfcf80 00007fff00000001
0x000000b968cfc900:   000000b968cfc930 0000000000000006
0x000000b968cfc910:   0000000a00000020 0000029ed3c1c1b8
0x000000b968cfc920:   0000000000000021 0000029ed3c1c198
0x000000b968cfc930:   0000002000000000 0000000e00000020
0x000000b968cfc940:   00007fff00000000 0000002200000002
0x000000b968cfc950:   0000000d0000000c 00007fff00000000
0x000000b968cfc960:   000000000000005a 0000029e000002b9
0x000000b968cfc970:   000000000000000b 0000000000000000
0x000000b968cfc980:   0000000100000538 0000000600000006
0x000000b968cfc990:   0000029ed3c89f20 000000b968cfc9d0
0x000000b968cfc9a0:   000000b968cfc9c0 0000029ed3c1c204
0x000000b968cfc9b0:   0000029ed3c1c20c 000000000000011b
0x000000b968cfc9c0:   0000000600000010 000000b968cfc9d0
0x000000b968cfc9d0:   0000029ed3c89f80 0000029ed3c89f60
0x000000b968cfc9e0:   0000029ed3c89f40 00007fff0eefff90
0x000000b968cfc9f0:   00007fff0eefff90 00007fff0eefff90
0x000000b968cfca00:   00007fff0eefff90 00007fff0e8b552b
0x000000b968cfca10:   0000000000000003 000000b968cfcaa9
0x000000b968cfca20:   0000000000000000 000000b968cfcaa9
0x000000b968cfca30:   000000b968cfcaa0 00007fff0e9f65fe 

Instructions: (pc=0x00007fff0e4c1de7)
0x00007fff0e4c1ce7:   00 01 00 00 c7 43 30 2f 75 00 00 ff c7 c7 43 34
0x00007fff0e4c1cf7:   00 00 00 00 3b be e0 00 00 00 0f 82 7b ff ff ff
0x00007fff0e4c1d07:   0f 28 74 24 40 48 83 c4 58 41 5f 41 5e 41 5d 41
0x00007fff0e4c1d17:   5c 5f 5e 5d 5b c3 ba f8 03 00 00 48 8d 0d 2f 4a
0x00007fff0e4c1d27:   7c 00 e8 e2 b6 09 00 cc 90 33 19 1e 00 1d 1d 1e
0x00007fff0e4c1d37:   00 33 19 1e 00 33 19 1e 00 bd 18 1e 00 33 19 1e
0x00007fff0e4c1d47:   00 00 19 1e 00 00 19 1e 00 73 19 1e 00 33 19 1e
0x00007fff0e4c1d57:   00 50 19 1e 00 73 19 1e 00 7a 19 1e 00 81 19 1e
0x00007fff0e4c1d67:   00 50 19 1e 00 33 19 1e 00 48 8b 41 58 48 63 48
0x00007fff0e4c1d77:   10 48 8d 05 e5 4e 9e 00 48 c1 e1 05 8b 04 01 c3
0x00007fff0e4c1d87:   cc cc cc cc cc cc cc cc cc 40 53 48 83 ec 20 48
0x00007fff0e4c1d97:   8b d9 85 d2 75 08 32 c0 48 83 c4 20 5b c3 48 8b
0x00007fff0e4c1da7:   43 08 8b ca 48 c1 e9 08 48 89 7c 24 30 8b fa 4c
0x00007fff0e4c1db7:   8b 04 c8 48 8d 05 cf e1 a3 00 4c 3b c0 75 0b 48
0x00007fff0e4c1dc7:   8b cb e8 c2 70 1d 00 4c 8b c0 40 0f b6 cf ba 01
0x00007fff0e4c1dd7:   00 00 00 48 c1 ef 06 80 e1 3f 83 e7 03 48 d3 e2
0x00007fff0e4c1de7:   49 8b 0c f8 48 8b c1 48 0b c2 49 89 04 f8 48 8b
0x00007fff0e4c1df7:   7c 24 30 48 23 ca 75 02 ff 03 48 85 c9 0f 94 c0
0x00007fff0e4c1e07:   48 83 c4 20 5b c3 cc cc cc 44 8b d2 41 3b d0 7c
0x00007fff0e4c1e17:   49 41 8d 80 c0 02 00 00 3b d0 7d 3e 44 8b ca 45
0x00007fff0e4c1e27:   2b c8 41 8b c1 83 e0 3f 0f b6 d0 41 8b c1 48 c1
0x00007fff0e4c1e37:   e8 06 48 8b 44 c1 38 48 0f a3 d0 73 1d 0f b7 81
0x00007fff0e4c1e47:   9c 00 00 00 83 f8 01 74 0e 8d 48 ff 8b c1 41 23
0x00007fff0e4c1e57:   c2 3b c1 0f 94 c0 c3 b0 01 c3 32 c0 c3 cc cc cc
0x00007fff0e4c1e67:   cc cc cc cc cc cc cc cc cc 40 55 41 55 41 57 48
0x00007fff0e4c1e77:   83 ec 30 48 8b 41 48 33 ed 45 33 ff 4c 8b e9 39
0x00007fff0e4c1e87:   68 40 0f 86 c7 00 00 00 48 89 5c 24 50 48 89 74
0x00007fff0e4c1e97:   24 58 48 89 7c 24 60 4c 89 64 24 28 4c 89 74 24
0x00007fff0e4c1ea7:   20 0f 1f 84 00 00 00 00 00 48 8b 40 30 33 f6 4a
0x00007fff0e4c1eb7:   8b 3c f8 44 8b 67 28 45 85 e4 74 69 45 33 f6 3b
0x00007fff0e4c1ec7:   77 18 73 0a 48 8b 47 20 49 8b 1c 06 eb 02 33 db
0x00007fff0e4c1ed7:   48 8b 03 48 8b cb ff 50 78 45 33 c0 44 8b 48 5c 


Stack slot to memory mapping:

stack at sp + 0 slots: 0x0000029ed3d59f10 points into unknown readable memory: 0x0000000200000005 | 05 00 00 00 02 00 00 00
stack at sp + 1 slots: 0x00007fff0eefff90 jvm.dll
stack at sp + 2 slots: 0x00000000000005ba is an unknown value
stack at sp + 3 slots: 0x0 is null
stack at sp + 4 slots: 0x0000029ed3d96700 points into unknown readable memory: 0x3f6ca51daf997004 | 04 70 99 af 1d a5 6c 3f
stack at sp + 5 slots: 0x00007fff0e6941cb jvm.dll
stack at sp + 6 slots: 0x0000029ed3d9b400 points into unknown readable memory: 0x3e7776f523e63243 | 43 32 e6 23 f5 76 77 3e
stack at sp + 7 slots: 0x000000b968cfcbe0 is pointing into the stack for thread: 0x0000029ed315a950


---------------  P R O C E S S  ---------------

Threads class SMR info:
_java_thread_list=0x0000029ed37971e0, length=13, elements={
0x0000029eb4dfbf30, 0x0000029ed313e020, 0x0000029ed3140a10, 0x0000029ed314f4c0,
0x0000029ed314fdb0, 0x0000029ed3150420, 0x0000029ed3154aa0, 0x0000029ed315a950,
0x0000029ed3165020, 0x0000029ed310c970, 0x0000029ed34df1e0, 0x0000029ed34df850,
0x0000029ed3671be0
}

Java Threads: ( => current thread )
  0x0000029eb4dfbf30 JavaThread "main"                              [_thread_in_native, id=15132, stack(0x000000b967e00000,0x000000b967f00000) (1024K)]
  0x0000029ed313e020 JavaThread "Reference Handler"          daemon [_thread_blocked, id=15264, stack(0x000000b968600000,0x000000b968700000) (1024K)]
  0x0000029ed3140a10 JavaThread "Finalizer"                  daemon [_thread_blocked, id=5812, stack(0x000000b968700000,0x000000b968800000) (1024K)]
  0x0000029ed314f4c0 JavaThread "Signal Dispatcher"          daemon [_thread_blocked, id=8428, stack(0x000000b968800000,0x000000b968900000) (1024K)]
  0x0000029ed314fdb0 JavaThread "Attach Listener"            daemon [_thread_blocked, id=15940, stack(0x000000b968900000,0x000000b968a00000) (1024K)]
  0x0000029ed3150420 JavaThread "Service Thread"             daemon [_thread_blocked, id=14028, stack(0x000000b968a00000,0x000000b968b00000) (1024K)]
  0x0000029ed3154aa0 JavaThread "Monitor Deflation Thread"   daemon [_thread_blocked, id=13112, stack(0x000000b968b00000,0x000000b968c00000) (1024K)]
=>0x0000029ed315a950 JavaThread "C2 CompilerThread0"         daemon [_thread_in_native, id=16272, stack(0x000000b968c00000,0x000000b968d00000) (1024K)]
  0x0000029ed3165020 JavaThread "C1 CompilerThread0"         daemon [_thread_blocked, id=14736, stack(0x000000b968d00000,0x000000b968e00000) (1024K)]
  0x0000029ed310c970 JavaThread "Common-Cleaner"             daemon [_thread_blocked, id=11216, stack(0x000000b968e00000,0x000000b968f00000) (1024K)]
  0x0000029ed34df1e0 JavaThread "Monitor Ctrl-Break"         daemon [_thread_in_native, id=15808, stack(0x000000b968f00000,0x000000b969000000) (1024K)]
  0x0000029ed34df850 JavaThread "Notification Thread"        daemon [_thread_blocked, id=6164, stack(0x000000b969000000,0x000000b969100000) (1024K)]
  0x0000029ed3671be0 JavaThread "C2 CompilerThread1"         daemon [_thread_in_native, id=3304, stack(0x000000b969100000,0x000000b969200000) (1024K)]
Total: 13

Other Threads:
  0x0000029ed3121db0 VMThread "VM Thread"                           [id=11708, stack(0x000000b968500000,0x000000b968600000) (1024K)]
  0x0000029ed310b260 WatcherThread "VM Periodic Task Thread"        [id=11556, stack(0x000000b968400000,0x000000b968500000) (1024K)]
  0x0000029eb70ab1e0 WorkerThread "GC Thread#0"                     [id=14680, stack(0x000000b967f00000,0x000000b968000000) (1024K)]
  0x0000029eb70bbfd0 ConcurrentGCThread "G1 Main Marker"            [id=9080, stack(0x000000b968000000,0x000000b968100000) (1024K)]
  0x0000029eb70be190 WorkerThread "G1 Conc#0"                       [id=10248, stack(0x000000b968100000,0x000000b968200000) (1024K)]
  0x0000029eb711eb40 ConcurrentGCThread "G1 Refine#0"               [id=7664, stack(0x000000b968200000,0x000000b968300000) (1024K)]
  0x0000029eb4dd6be0 ConcurrentGCThread "G1 Service"                [id=3328, stack(0x000000b968300000,0x000000b968400000) (1024K)]
Total: 7

Threads with active compile tasks:
C2 CompilerThread0     1670  745   !   4       jdk.internal.loader.URLClassPath$JarLoader::getResource (40 bytes)
C2 CompilerThread1     1670  948       4       java.io.WinNTFileSystem::normalize (143 bytes)
Total: 2

VM state: not at safepoint (normal execution)

VM Mutex/Monitor currently owned by a thread: None

Heap address: 0x0000000081a00000, size: 2022 MB, Compressed Oops mode: 32-bit

CDS archive(s) mapped at: [0x0000029ed4000000-0x0000029ed4c90000-0x0000029ed4c90000), size 13172736, SharedBaseAddress: 0x0000029ed4000000, ArchiveRelocationMode: 1.
Compressed class space mapped at: 0x0000029ed5000000-0x0000029f15000000, reserved size: 1073741824
Narrow klass base: 0x0000029ed4000000, Narrow klass shift: 0, Narrow klass range: 0x100000000

GC Precious Log:
 CardTable entry size: 512
 Card Set container configuration: InlinePtr #cards 5 size 8 Array Of Cards #cards 12 size 40 Howl #buckets 4 coarsen threshold 1843 Howl Bitmap #cards 512 size 80 coarsen threshold 460 Card regions per heap region 1 cards per card region 2048
 CPUs: 4 total, 4 available
 Memory: 8083M
 Large Page Support: Disabled
 NUMA Support: Disabled
 Compressed Oops: Enabled (32-bit)
 Heap Region Size: 1M
 Heap Min Capacity: 8M
 Heap Initial Capacity: 128M
 Heap Max Capacity: 2022M
 Pre-touch: Disabled
 Parallel Workers: 4
 Concurrent Workers: 1
 Concurrent Refinement Workers: 4
 Periodic GC: Disabled

Heap:
 garbage-first heap   total 131072K, used 12288K [0x0000000081a00000, 0x0000000100000000)
  region size 1024K, 13 young (13312K), 0 survivors (0K)
 Metaspace       used 3762K, committed 3968K, reserved 1114112K
  class space    used 372K, committed 512K, reserved 1048576K

Heap Regions: E=young(eden), S=young(survivor), O=old, HS=humongous(starts), HC=humongous(continues), CS=collection set, F=free, TAMS=top-at-mark-start, PB=parsable bottom
|   0|0x0000000081a00000, 0x0000000081a00000, 0x0000000081b00000|  0%| F|  |TAMS 0x0000000081a00000| PB 0x0000000081a00000| Untracked 
|   1|0x0000000081b00000, 0x0000000081b00000, 0x0000000081c00000|  0%| F|  |TAMS 0x0000000081b00000| PB 0x0000000081b00000| Untracked 
|   2|0x0000000081c00000, 0x0000000081c00000, 0x0000000081d00000|  0%| F|  |TAMS 0x0000000081c00000| PB 0x0000000081c00000| Untracked 
|   3|0x0000000081d00000, 0x0000000081d00000, 0x0000000081e00000|  0%| F|  |TAMS 0x0000000081d00000| PB 0x0000000081d00000| Untracked 
|   4|0x0000000081e00000, 0x0000000081e00000, 0x0000000081f00000|  0%| F|  |TAMS 0x0000000081e00000| PB 0x0000000081e00000| Untracked 
|   5|0x0000000081f00000, 0x0000000081f00000, 0x0000000082000000|  0%| F|  |TAMS 0x0000000081f00000| PB 0x0000000081f00000| Untracked 
|   6|0x0000000082000000, 0x0000000082000000, 0x0000000082100000|  0%| F|  |TAMS 0x0000000082000000| PB 0x0000000082000000| Untracked 
|   7|0x0000000082100000, 0x0000000082100000, 0x0000000082200000|  0%| F|  |TAMS 0x0000000082100000| PB 0x0000000082100000| Untracked 
|   8|0x0000000082200000, 0x0000000082200000, 0x0000000082300000|  0%| F|  |TAMS 0x0000000082200000| PB 0x0000000082200000| Untracked 
|   9|0x0000000082300000, 0x0000000082300000, 0x0000000082400000|  0%| F|  |TAMS 0x0000000082300000| PB 0x0000000082300000| Untracked 
|  10|0x0000000082400000, 0x0000000082400000, 0x0000000082500000|  0%| F|  |TAMS 0x0000000082400000| PB 0x0000000082400000| Untracked 
|  11|0x0000000082500000, 0x0000000082500000, 0x0000000082600000|  0%| F|  |TAMS 0x0000000082500000| PB 0x0000000082500000| Untracked 
|  12|0x0000000082600000, 0x0000000082600000, 0x0000000082700000|  0%| F|  |TAMS 0x0000000082600000| PB 0x0000000082600000| Untracked 
|  13|0x0000000082700000, 0x0000000082700000, 0x0000000082800000|  0%| F|  |TAMS 0x0000000082700000| PB 0x0000000082700000| Untracked 
|  14|0x0000000082800000, 0x0000000082800000, 0x0000000082900000|  0%| F|  |TAMS 0x0000000082800000| PB 0x0000000082800000| Untracked 
|  15|0x0000000082900000, 0x0000000082900000, 0x0000000082a00000|  0%| F|  |TAMS 0x0000000082900000| PB 0x0000000082900000| Untracked 
|  16|0x0000000082a00000, 0x0000000082a00000, 0x0000000082b00000|  0%| F|  |TAMS 0x0000000082a00000| PB 0x0000000082a00000| Untracked 
|  17|0x0000000082b00000, 0x0000000082b00000, 0x0000000082c00000|  0%| F|  |TAMS 0x0000000082b00000| PB 0x0000000082b00000| Untracked 
|  18|0x0000000082c00000, 0x0000000082c00000, 0x0000000082d00000|  0%| F|  |TAMS 0x0000000082c00000| PB 0x0000000082c00000| Untracked 
|  19|0x0000000082d00000, 0x0000000082d00000, 0x0000000082e00000|  0%| F|  |TAMS 0x0000000082d00000| PB 0x0000000082d00000| Untracked 
|  20|0x0000000082e00000, 0x0000000082e00000, 0x0000000082f00000|  0%| F|  |TAMS 0x0000000082e00000| PB 0x0000000082e00000| Untracked 
|  21|0x0000000082f00000, 0x0000000082f00000, 0x0000000083000000|  0%| F|  |TAMS 0x0000000082f00000| PB 0x0000000082f00000| Untracked 
|  22|0x0000000083000000, 0x0000000083000000, 0x0000000083100000|  0%| F|  |TAMS 0x0000000083000000| PB 0x0000000083000000| Untracked 
|  23|0x0000000083100000, 0x0000000083100000, 0x0000000083200000|  0%| F|  |TAMS 0x0000000083100000| PB 0x0000000083100000| Untracked 
|  24|0x0000000083200000, 0x0000000083200000, 0x0000000083300000|  0%| F|  |TAMS 0x0000000083200000| PB 0x0000000083200000| Untracked 
|  25|0x0000000083300000, 0x0000000083300000, 0x0000000083400000|  0%| F|  |TAMS 0x0000000083300000| PB 0x0000000083300000| Untracked 
|  26|0x0000000083400000, 0x0000000083400000, 0x0000000083500000|  0%| F|  |TAMS 0x0000000083400000| PB 0x0000000083400000| Untracked 
|  27|0x0000000083500000, 0x0000000083500000, 0x0000000083600000|  0%| F|  |TAMS 0x0000000083500000| PB 0x0000000083500000| Untracked 
|  28|0x0000000083600000, 0x0000000083600000, 0x0000000083700000|  0%| F|  |TAMS 0x0000000083600000| PB 0x0000000083600000| Untracked 
|  29|0x0000000083700000, 0x0000000083700000, 0x0000000083800000|  0%| F|  |TAMS 0x0000000083700000| PB 0x0000000083700000| Untracked 
|  30|0x0000000083800000, 0x0000000083800000, 0x0000000083900000|  0%| F|  |TAMS 0x0000000083800000| PB 0x0000000083800000| Untracked 
|  31|0x0000000083900000, 0x0000000083900000, 0x0000000083a00000|  0%| F|  |TAMS 0x0000000083900000| PB 0x0000000083900000| Untracked 
|  32|0x0000000083a00000, 0x0000000083a00000, 0x0000000083b00000|  0%| F|  |TAMS 0x0000000083a00000| PB 0x0000000083a00000| Untracked 
|  33|0x0000000083b00000, 0x0000000083b00000, 0x0000000083c00000|  0%| F|  |TAMS 0x0000000083b00000| PB 0x0000000083b00000| Untracked 
|  34|0x0000000083c00000, 0x0000000083c00000, 0x0000000083d00000|  0%| F|  |TAMS 0x0000000083c00000| PB 0x0000000083c00000| Untracked 
|  35|0x0000000083d00000, 0x0000000083d00000, 0x0000000083e00000|  0%| F|  |TAMS 0x0000000083d00000| PB 0x0000000083d00000| Untracked 
|  36|0x0000000083e00000, 0x0000000083e00000, 0x0000000083f00000|  0%| F|  |TAMS 0x0000000083e00000| PB 0x0000000083e00000| Untracked 
|  37|0x0000000083f00000, 0x0000000083f00000, 0x0000000084000000|  0%| F|  |TAMS 0x0000000083f00000| PB 0x0000000083f00000| Untracked 
|  38|0x0000000084000000, 0x0000000084000000, 0x0000000084100000|  0%| F|  |TAMS 0x0000000084000000| PB 0x0000000084000000| Untracked 
|  39|0x0000000084100000, 0x0000000084100000, 0x0000000084200000|  0%| F|  |TAMS 0x0000000084100000| PB 0x0000000084100000| Untracked 
|  40|0x0000000084200000, 0x0000000084200000, 0x0000000084300000|  0%| F|  |TAMS 0x0000000084200000| PB 0x0000000084200000| Untracked 
|  41|0x0000000084300000, 0x0000000084300000, 0x0000000084400000|  0%| F|  |TAMS 0x0000000084300000| PB 0x0000000084300000| Untracked 
|  42|0x0000000084400000, 0x0000000084400000, 0x0000000084500000|  0%| F|  |TAMS 0x0000000084400000| PB 0x0000000084400000| Untracked 
|  43|0x0000000084500000, 0x0000000084500000, 0x0000000084600000|  0%| F|  |TAMS 0x0000000084500000| PB 0x0000000084500000| Untracked 
|  44|0x0000000084600000, 0x0000000084600000, 0x0000000084700000|  0%| F|  |TAMS 0x0000000084600000| PB 0x0000000084600000| Untracked 
|  45|0x0000000084700000, 0x0000000084700000, 0x0000000084800000|  0%| F|  |TAMS 0x0000000084700000| PB 0x0000000084700000| Untracked 
|  46|0x0000000084800000, 0x0000000084800000, 0x0000000084900000|  0%| F|  |TAMS 0x0000000084800000| PB 0x0000000084800000| Untracked 
|  47|0x0000000084900000, 0x0000000084900000, 0x0000000084a00000|  0%| F|  |TAMS 0x0000000084900000| PB 0x0000000084900000| Untracked 
|  48|0x0000000084a00000, 0x0000000084a00000, 0x0000000084b00000|  0%| F|  |TAMS 0x0000000084a00000| PB 0x0000000084a00000| Untracked 
|  49|0x0000000084b00000, 0x0000000084b00000, 0x0000000084c00000|  0%| F|  |TAMS 0x0000000084b00000| PB 0x0000000084b00000| Untracked 
|  50|0x0000000084c00000, 0x0000000084c00000, 0x0000000084d00000|  0%| F|  |TAMS 0x0000000084c00000| PB 0x0000000084c00000| Untracked 
|  51|0x0000000084d00000, 0x0000000084d00000, 0x0000000084e00000|  0%| F|  |TAMS 0x0000000084d00000| PB 0x0000000084d00000| Untracked 
|  52|0x0000000084e00000, 0x0000000084e00000, 0x0000000084f00000|  0%| F|  |TAMS 0x0000000084e00000| PB 0x0000000084e00000| Untracked 
|  53|0x0000000084f00000, 0x0000000084f00000, 0x0000000085000000|  0%| F|  |TAMS 0x0000000084f00000| PB 0x0000000084f00000| Untracked 
|  54|0x0000000085000000, 0x0000000085000000, 0x0000000085100000|  0%| F|  |TAMS 0x0000000085000000| PB 0x0000000085000000| Untracked 
|  55|0x0000000085100000, 0x0000000085100000, 0x0000000085200000|  0%| F|  |TAMS 0x0000000085100000| PB 0x0000000085100000| Untracked 
|  56|0x0000000085200000, 0x0000000085200000, 0x0000000085300000|  0%| F|  |TAMS 0x0000000085200000| PB 0x0000000085200000| Untracked 
|  57|0x0000000085300000, 0x0000000085300000, 0x0000000085400000|  0%| F|  |TAMS 0x0000000085300000| PB 0x0000000085300000| Untracked 
|  58|0x0000000085400000, 0x0000000085400000, 0x0000000085500000|  0%| F|  |TAMS 0x0000000085400000| PB 0x0000000085400000| Untracked 
|  59|0x0000000085500000, 0x0000000085500000, 0x0000000085600000|  0%| F|  |TAMS 0x0000000085500000| PB 0x0000000085500000| Untracked 
|  60|0x0000000085600000, 0x0000000085600000, 0x0000000085700000|  0%| F|  |TAMS 0x0000000085600000| PB 0x0000000085600000| Untracked 
|  61|0x0000000085700000, 0x0000000085700000, 0x0000000085800000|  0%| F|  |TAMS 0x0000000085700000| PB 0x0000000085700000| Untracked 
|  62|0x0000000085800000, 0x0000000085800000, 0x0000000085900000|  0%| F|  |TAMS 0x0000000085800000| PB 0x0000000085800000| Untracked 
|  63|0x0000000085900000, 0x0000000085900000, 0x0000000085a00000|  0%| F|  |TAMS 0x0000000085900000| PB 0x0000000085900000| Untracked 
|  64|0x0000000085a00000, 0x0000000085a00000, 0x0000000085b00000|  0%| F|  |TAMS 0x0000000085a00000| PB 0x0000000085a00000| Untracked 
|  65|0x0000000085b00000, 0x0000000085b00000, 0x0000000085c00000|  0%| F|  |TAMS 0x0000000085b00000| PB 0x0000000085b00000| Untracked 
|  66|0x0000000085c00000, 0x0000000085c00000, 0x0000000085d00000|  0%| F|  |TAMS 0x0000000085c00000| PB 0x0000000085c00000| Untracked 
|  67|0x0000000085d00000, 0x0000000085d00000, 0x0000000085e00000|  0%| F|  |TAMS 0x0000000085d00000| PB 0x0000000085d00000| Untracked 
|  68|0x0000000085e00000, 0x0000000085e00000, 0x0000000085f00000|  0%| F|  |TAMS 0x0000000085e00000| PB 0x0000000085e00000| Untracked 
|  69|0x0000000085f00000, 0x0000000085f00000, 0x0000000086000000|  0%| F|  |TAMS 0x0000000085f00000| PB 0x0000000085f00000| Untracked 
|  70|0x0000000086000000, 0x0000000086000000, 0x0000000086100000|  0%| F|  |TAMS 0x0000000086000000| PB 0x0000000086000000| Untracked 
|  71|0x0000000086100000, 0x0000000086100000, 0x0000000086200000|  0%| F|  |TAMS 0x0000000086100000| PB 0x0000000086100000| Untracked 
|  72|0x0000000086200000, 0x0000000086200000, 0x0000000086300000|  0%| F|  |TAMS 0x0000000086200000| PB 0x0000000086200000| Untracked 
|  73|0x0000000086300000, 0x0000000086300000, 0x0000000086400000|  0%| F|  |TAMS 0x0000000086300000| PB 0x0000000086300000| Untracked 
|  74|0x0000000086400000, 0x0000000086400000, 0x0000000086500000|  0%| F|  |TAMS 0x0000000086400000| PB 0x0000000086400000| Untracked 
|  75|0x0000000086500000, 0x0000000086500000, 0x0000000086600000|  0%| F|  |TAMS 0x0000000086500000| PB 0x0000000086500000| Untracked 
|  76|0x0000000086600000, 0x0000000086600000, 0x0000000086700000|  0%| F|  |TAMS 0x0000000086600000| PB 0x0000000086600000| Untracked 
|  77|0x0000000086700000, 0x0000000086700000, 0x0000000086800000|  0%| F|  |TAMS 0x0000000086700000| PB 0x0000000086700000| Untracked 
|  78|0x0000000086800000, 0x0000000086800000, 0x0000000086900000|  0%| F|  |TAMS 0x0000000086800000| PB 0x0000000086800000| Untracked 
|  79|0x0000000086900000, 0x0000000086900000, 0x0000000086a00000|  0%| F|  |TAMS 0x0000000086900000| PB 0x0000000086900000| Untracked 
|  80|0x0000000086a00000, 0x0000000086a00000, 0x0000000086b00000|  0%| F|  |TAMS 0x0000000086a00000| PB 0x0000000086a00000| Untracked 
|  81|0x0000000086b00000, 0x0000000086b00000, 0x0000000086c00000|  0%| F|  |TAMS 0x0000000086b00000| PB 0x0000000086b00000| Untracked 
|  82|0x0000000086c00000, 0x0000000086c00000, 0x0000000086d00000|  0%| F|  |TAMS 0x0000000086c00000| PB 0x0000000086c00000| Untracked 
|  83|0x0000000086d00000, 0x0000000086d00000, 0x0000000086e00000|  0%| F|  |TAMS 0x0000000086d00000| PB 0x0000000086d00000| Untracked 
|  84|0x0000000086e00000, 0x0000000086e00000, 0x0000000086f00000|  0%| F|  |TAMS 0x0000000086e00000| PB 0x0000000086e00000| Untracked 
|  85|0x0000000086f00000, 0x0000000086f00000, 0x0000000087000000|  0%| F|  |TAMS 0x0000000086f00000| PB 0x0000000086f00000| Untracked 
|  86|0x0000000087000000, 0x0000000087000000, 0x0000000087100000|  0%| F|  |TAMS 0x0000000087000000| PB 0x0000000087000000| Untracked 
|  87|0x0000000087100000, 0x0000000087100000, 0x0000000087200000|  0%| F|  |TAMS 0x0000000087100000| PB 0x0000000087100000| Untracked 
|  88|0x0000000087200000, 0x0000000087200000, 0x0000000087300000|  0%| F|  |TAMS 0x0000000087200000| PB 0x0000000087200000| Untracked 
|  89|0x0000000087300000, 0x0000000087300000, 0x0000000087400000|  0%| F|  |TAMS 0x0000000087300000| PB 0x0000000087300000| Untracked 
|  90|0x0000000087400000, 0x0000000087400000, 0x0000000087500000|  0%| F|  |TAMS 0x0000000087400000| PB 0x0000000087400000| Untracked 
|  91|0x0000000087500000, 0x0000000087500000, 0x0000000087600000|  0%| F|  |TAMS 0x0000000087500000| PB 0x0000000087500000| Untracked 
|  92|0x0000000087600000, 0x0000000087600000, 0x0000000087700000|  0%| F|  |TAMS 0x0000000087600000| PB 0x0000000087600000| Untracked 
|  93|0x0000000087700000, 0x0000000087700000, 0x0000000087800000|  0%| F|  |TAMS 0x0000000087700000| PB 0x0000000087700000| Untracked 
|  94|0x0000000087800000, 0x0000000087800000, 0x0000000087900000|  0%| F|  |TAMS 0x0000000087800000| PB 0x0000000087800000| Untracked 
|  95|0x0000000087900000, 0x0000000087900000, 0x0000000087a00000|  0%| F|  |TAMS 0x0000000087900000| PB 0x0000000087900000| Untracked 
|  96|0x0000000087a00000, 0x0000000087a00000, 0x0000000087b00000|  0%| F|  |TAMS 0x0000000087a00000| PB 0x0000000087a00000| Untracked 
|  97|0x0000000087b00000, 0x0000000087b00000, 0x0000000087c00000|  0%| F|  |TAMS 0x0000000087b00000| PB 0x0000000087b00000| Untracked 
|  98|0x0000000087c00000, 0x0000000087c00000, 0x0000000087d00000|  0%| F|  |TAMS 0x0000000087c00000| PB 0x0000000087c00000| Untracked 
|  99|0x0000000087d00000, 0x0000000087d00000, 0x0000000087e00000|  0%| F|  |TAMS 0x0000000087d00000| PB 0x0000000087d00000| Untracked 
| 100|0x0000000087e00000, 0x0000000087e00000, 0x0000000087f00000|  0%| F|  |TAMS 0x0000000087e00000| PB 0x0000000087e00000| Untracked 
| 101|0x0000000087f00000, 0x0000000087f00000, 0x0000000088000000|  0%| F|  |TAMS 0x0000000087f00000| PB 0x0000000087f00000| Untracked 
| 102|0x0000000088000000, 0x0000000088000000, 0x0000000088100000|  0%| F|  |TAMS 0x0000000088000000| PB 0x0000000088000000| Untracked 
| 103|0x0000000088100000, 0x0000000088100000, 0x0000000088200000|  0%| F|  |TAMS 0x0000000088100000| PB 0x0000000088100000| Untracked 
| 104|0x0000000088200000, 0x0000000088200000, 0x0000000088300000|  0%| F|  |TAMS 0x0000000088200000| PB 0x0000000088200000| Untracked 
| 105|0x0000000088300000, 0x0000000088300000, 0x0000000088400000|  0%| F|  |TAMS 0x0000000088300000| PB 0x0000000088300000| Untracked 
| 106|0x0000000088400000, 0x0000000088400000, 0x0000000088500000|  0%| F|  |TAMS 0x0000000088400000| PB 0x0000000088400000| Untracked 
| 107|0x0000000088500000, 0x0000000088500000, 0x0000000088600000|  0%| F|  |TAMS 0x0000000088500000| PB 0x0000000088500000| Untracked 
| 108|0x0000000088600000, 0x0000000088600000, 0x0000000088700000|  0%| F|  |TAMS 0x0000000088600000| PB 0x0000000088600000| Untracked 
| 109|0x0000000088700000, 0x0000000088700000, 0x0000000088800000|  0%| F|  |TAMS 0x0000000088700000| PB 0x0000000088700000| Untracked 
| 110|0x0000000088800000, 0x0000000088800000, 0x0000000088900000|  0%| F|  |TAMS 0x0000000088800000| PB 0x0000000088800000| Untracked 
| 111|0x0000000088900000, 0x0000000088900000, 0x0000000088a00000|  0%| F|  |TAMS 0x0000000088900000| PB 0x0000000088900000| Untracked 
| 112|0x0000000088a00000, 0x0000000088a00000, 0x0000000088b00000|  0%| F|  |TAMS 0x0000000088a00000| PB 0x0000000088a00000| Untracked 
| 113|0x0000000088b00000, 0x0000000088b00000, 0x0000000088c00000|  0%| F|  |TAMS 0x0000000088b00000| PB 0x0000000088b00000| Untracked 
| 114|0x0000000088c00000, 0x0000000088c00000, 0x0000000088d00000|  0%| F|  |TAMS 0x0000000088c00000| PB 0x0000000088c00000| Untracked 
| 115|0x0000000088d00000, 0x0000000088d43430, 0x0000000088e00000| 26%| E|  |TAMS 0x0000000088d00000| PB 0x0000000088d00000| Complete 
| 116|0x0000000088e00000, 0x0000000088f00000, 0x0000000088f00000|100%| E|CS|TAMS 0x0000000088e00000| PB 0x0000000088e00000| Complete 
| 117|0x0000000088f00000, 0x0000000089000000, 0x0000000089000000|100%| E|CS|TAMS 0x0000000088f00000| PB 0x0000000088f00000| Complete 
| 118|0x0000000089000000, 0x0000000089100000, 0x0000000089100000|100%| E|CS|TAMS 0x0000000089000000| PB 0x0000000089000000| Complete 
| 119|0x0000000089100000, 0x0000000089200000, 0x0000000089200000|100%| E|CS|TAMS 0x0000000089100000| PB 0x0000000089100000| Complete 
| 120|0x0000000089200000, 0x0000000089300000, 0x0000000089300000|100%| E|CS|TAMS 0x0000000089200000| PB 0x0000000089200000| Complete 
| 121|0x0000000089300000, 0x0000000089400000, 0x0000000089400000|100%| E|CS|TAMS 0x0000000089300000| PB 0x0000000089300000| Complete 
| 122|0x0000000089400000, 0x0000000089500000, 0x0000000089500000|100%| E|CS|TAMS 0x0000000089400000| PB 0x0000000089400000| Complete 
| 123|0x0000000089500000, 0x0000000089600000, 0x0000000089600000|100%| E|CS|TAMS 0x0000000089500000| PB 0x0000000089500000| Complete 
| 124|0x0000000089600000, 0x0000000089700000, 0x0000000089700000|100%| E|CS|TAMS 0x0000000089600000| PB 0x0000000089600000| Complete 
| 125|0x0000000089700000, 0x0000000089800000, 0x0000000089800000|100%| E|CS|TAMS 0x0000000089700000| PB 0x0000000089700000| Complete 
| 126|0x0000000089800000, 0x0000000089900000, 0x0000000089900000|100%| E|CS|TAMS 0x0000000089800000| PB 0x0000000089800000| Complete 
| 127|0x0000000089900000, 0x0000000089a00000, 0x0000000089a00000|100%| E|CS|TAMS 0x0000000089900000| PB 0x0000000089900000| Complete 

Card table byte_map: [0x0000029ece8d0000,0x0000029ececd0000] _byte_map_base: 0x0000029ece4c3000

Marking Bits: (CMBitMap*) 0x0000029eb70ab7f0
 Bits: [0x0000029ececd0000, 0x0000029ed0c68000)

Polling page: 0x0000029eb4db0000

Metaspace:

Usage:
  Non-class:      3.34 MB used.
      Class:    376.52 KB used.
       Both:      3.71 MB used.

Virtual space:
  Non-class space:       64.00 MB reserved,       3.44 MB (  5%) committed,  1 nodes.
      Class space:        1.00 GB reserved,     512.00 KB ( <1%) committed,  1 nodes.
             Both:        1.06 GB reserved,       3.94 MB ( <1%) committed. 

Chunk freelists:
   Non-Class:  10.98 MB
       Class:  15.56 MB
        Both:  26.54 MB

MaxMetaspaceSize: unlimited
CompressedClassSpaceSize: 1.00 GB
Initial GC threshold: 21.00 MB
Current GC threshold: 21.00 MB
CDS: on
 - commit_granule_bytes: 65536.
 - commit_granule_words: 8192.
 - virtual_space_node_default_size: 8388608.
 - enlarge_chunks_in_place: 1.
 - use_allocation_guard: 0.


Internal statistics:

num_allocs_failed_limit: 0.
num_arena_births: 80.
num_arena_deaths: 0.
num_vsnodes_births: 2.
num_vsnodes_deaths: 0.
num_space_committed: 63.
num_space_uncommitted: 0.
num_chunks_returned_to_freelist: 0.
num_chunks_taken_from_freelist: 149.
num_chunk_merges: 0.
num_chunk_splits: 95.
num_chunks_enlarged: 63.
num_inconsistent_stats: 0.

CodeHeap 'non-profiled nmethods': size=120000Kb used=327Kb max_used=327Kb free=119672Kb
 bounds [0x0000029ec6fa0000, 0x0000029ec7210000, 0x0000029ece4d0000]
CodeHeap 'profiled nmethods': size=120000Kb used=1654Kb max_used=1654Kb free=118345Kb
 bounds [0x0000029ebf4d0000, 0x0000029ebf740000, 0x0000029ec6a00000]
CodeHeap 'non-nmethods': size=5760Kb used=1361Kb max_used=1375Kb free=4398Kb
 bounds [0x0000029ec6a00000, 0x0000029ec6c70000, 0x0000029ec6fa0000]
 total_blobs=1414 nmethods=950 adapters=369
 compilation: enabled
              stopped_count=0, restarted_count=0
 full_count=0

Compilation events (20 events):
Event: 1.457 Thread 0x0000029ed3165020  774       3       jdk.internal.org.objectweb.asm.ByteVector::put12 (64 bytes)
Event: 1.458 Thread 0x0000029ed3165020 nmethod 774 0x0000029ebf623990 code [0x0000029ebf623b40, 0x0000029ebf623d78]
Event: 1.459 Thread 0x0000029ed3671be0  775       4       java.util.ImmutableCollections$SetN::probe (56 bytes)
Event: 1.460 Thread 0x0000029ed3165020  776       1       java.lang.invoke.DirectMethodHandle::internalMemberName (5 bytes)
Event: 1.460 Thread 0x0000029ed3165020 nmethod 776 0x0000029ec6fe2e10 code [0x0000029ec6fe2fa0, 0x0000029ec6fe3068]
Event: 1.463 Thread 0x0000029ed3165020  777       3       jdk.internal.org.objectweb.asm.ByteVector::put122 (93 bytes)
Event: 1.464 Thread 0x0000029ed3165020 nmethod 777 0x0000029ebf623f10 code [0x0000029ebf6240c0, 0x0000029ebf624340]
Event: 1.465 Thread 0x0000029ed3165020  778       3       java.lang.invoke.MethodType::parameterSlotCount (8 bytes)
Event: 1.465 Thread 0x0000029ed3165020 nmethod 778 0x0000029ebf624510 code [0x0000029ebf6246a0, 0x0000029ebf6247d0]
Event: 1.468 Thread 0x0000029ed3671be0 nmethod 775 0x0000029ec6fe3110 code [0x0000029ec6fe32c0, 0x0000029ec6fe3538]
Event: 1.468 Thread 0x0000029ed3165020  779       3       java.lang.invoke.MethodTypeForm::canonicalizeAll (63 bytes)
Event: 1.470 Thread 0x0000029ed3165020 nmethod 779 0x0000029ebf624890 code [0x0000029ebf624a80, 0x0000029ebf6250c8]
Event: 1.470 Thread 0x0000029ed3165020  780       3       jdk.internal.org.objectweb.asm.ByteVector::putInt (74 bytes)
Event: 1.470 Thread 0x0000029ed3165020 nmethod 780 0x0000029ebf625290 code [0x0000029ebf625440, 0x0000029ebf625698]
Event: 1.475 Thread 0x0000029ed3165020  782       3       jdk.internal.org.objectweb.asm.Frame::push (109 bytes)
Event: 1.476 Thread 0x0000029ed3165020 nmethod 782 0x0000029ebf625810 code [0x0000029ebf6259e0, 0x0000029ebf625f48]
Event: 1.476 Thread 0x0000029ed3165020  785       3       jdk.internal.org.objectweb.asm.SymbolTable::addConstantUtf8Reference (101 bytes)
Event: 1.478 Thread 0x0000029ed3165020 nmethod 785 0x0000029ebf626110 code [0x0000029ebf626340, 0x0000029ebf626938]
Event: 1.478 Thread 0x0000029ed3165020  784       3       jdk.internal.org.objectweb.asm.Frame::execute (2305 bytes)
Event: 1.484 Thread 0x0000029ed3671be0  793       4       jdk.internal.org.objectweb.asm.ByteVector::putUTF8 (144 bytes)

GC Heap History (0 events):
No events

Dll operation events (11 events):
Event: 0.022 Loaded shared library C:\Program Files\Java\jdk-21\bin\java.dll
Event: 0.123 Loaded shared library C:\Program Files\Java\jdk-21\bin\jsvml.dll
Event: 0.441 Loaded shared library C:\Program Files\Java\jdk-21\bin\zip.dll
Event: 0.453 Loaded shared library C:\Program Files\Java\jdk-21\bin\instrument.dll
Event: 0.469 Loaded shared library C:\Program Files\Java\jdk-21\bin\net.dll
Event: 0.474 Loaded shared library C:\Program Files\Java\jdk-21\bin\nio.dll
Event: 0.489 Loaded shared library C:\Program Files\Java\jdk-21\bin\zip.dll
Event: 0.518 Loaded shared library C:\Users\user\AppData\Local\JetBrains\IntelliJ IDEA Community Edition 2024.2.0.2\bin\breakgen64.dll
Event: 0.547 Loaded shared library C:\Program Files\Java\jdk-21\bin\extnet.dll
Event: 0.695 Loaded shared library C:\Program Files\Java\jdk-21\bin\verify.dll
Event: 0.714 Loaded shared library C:\Program Files\Java\jdk-21\bin\jimage.dll

Deoptimization events (20 events):
Event: 1.127 Thread 0x0000029ed314fdb0 DEOPT PACKING pc=0x0000029ec6fc52ec sp=0x000000b9689ff150
Event: 1.127 Thread 0x0000029ed314fdb0 DEOPT UNPACKING pc=0x0000029ec6a546a2 sp=0x000000b9689ff0f0 mode 2
Event: 1.193 Thread 0x0000029eb4dfbf30 Uncommon trap: trap_request=0xffffff45 fr.pc=0x0000029ec6fd3818 relative=0x0000000000000758
Event: 1.193 Thread 0x0000029eb4dfbf30 Uncommon trap: reason=unstable_if action=reinterpret pc=0x0000029ec6fd3818 method=java.util.regex.Matcher.search(I)Z @ 30 c2
Event: 1.193 Thread 0x0000029eb4dfbf30 DEOPT PACKING pc=0x0000029ec6fd3818 sp=0x000000b967efcff0
Event: 1.193 Thread 0x0000029eb4dfbf30 DEOPT UNPACKING pc=0x0000029ec6a546a2 sp=0x000000b967efcfd0 mode 2
Event: 1.219 Thread 0x0000029eb4dfbf30 Uncommon trap: trap_request=0xffffff45 fr.pc=0x0000029ec6fbf048 relative=0x00000000000004e8
Event: 1.219 Thread 0x0000029eb4dfbf30 Uncommon trap: reason=unstable_if action=reinterpret pc=0x0000029ec6fbf048 method=java.lang.StringLatin1.canEncode(I)Z @ 4 c2
Event: 1.219 Thread 0x0000029eb4dfbf30 DEOPT PACKING pc=0x0000029ec6fbf048 sp=0x000000b967efd620
Event: 1.219 Thread 0x0000029eb4dfbf30 DEOPT UNPACKING pc=0x0000029ec6a546a2 sp=0x000000b967efd558 mode 2
Event: 1.219 Thread 0x0000029eb4dfbf30 Uncommon trap: trap_request=0xffffff45 fr.pc=0x0000029ec6fbfe1c relative=0x00000000000004bc
Event: 1.219 Thread 0x0000029eb4dfbf30 Uncommon trap: reason=unstable_if action=reinterpret pc=0x0000029ec6fbfe1c method=java.lang.AbstractStringBuilder.isLatin1()Z @ 10 c2
Event: 1.219 Thread 0x0000029eb4dfbf30 DEOPT PACKING pc=0x0000029ec6fbfe1c sp=0x000000b967efd640
Event: 1.219 Thread 0x0000029eb4dfbf30 DEOPT UNPACKING pc=0x0000029ec6a546a2 sp=0x000000b967efd5d0 mode 2
Event: 1.219 Thread 0x0000029eb4dfbf30 Uncommon trap: trap_request=0xffffff45 fr.pc=0x0000029ec6fbd76c relative=0x000000000000006c
Event: 1.219 Thread 0x0000029eb4dfbf30 Uncommon trap: reason=unstable_if action=reinterpret pc=0x0000029ec6fbd76c method=java.lang.AbstractStringBuilder.isLatin1()Z @ 10 c2
Event: 1.219 Thread 0x0000029eb4dfbf30 DEOPT PACKING pc=0x0000029ec6fbd76c sp=0x000000b967efd640
Event: 1.219 Thread 0x0000029eb4dfbf30 DEOPT UNPACKING pc=0x0000029ec6a546a2 sp=0x000000b967efd5d0 mode 2
Event: 1.246 Thread 0x0000029eb4dfbf30 DEOPT PACKING pc=0x0000029ebf51e649 sp=0x000000b967ef9450
Event: 1.246 Thread 0x0000029eb4dfbf30 DEOPT UNPACKING pc=0x0000029ec6a54e42 sp=0x000000b967ef88c8 mode 0

Classes loaded (20 events):
Event: 1.461 Loading class java/lang/WeakPairMap$WeakRefPeer done
Event: 1.461 Loading class java/lang/WeakPairMap$Pair$Weak done
Event: 1.461 Loading class java/lang/WeakPairMap$Pair$Weak$1
Event: 1.461 Loading class java/lang/WeakPairMap$Pair$Weak$1 done
Event: 1.464 Loading class java/lang/reflect/Proxy$ProxyBuilder$ProxyClassContext
Event: 1.465 Loading class java/lang/reflect/Proxy$ProxyBuilder$ProxyClassContext done
Event: 1.466 Loading class java/lang/reflect/ProxyGenerator
Event: 1.467 Loading class java/lang/reflect/ProxyGenerator done
Event: 1.467 Loading class java/lang/reflect/ProxyGenerator$ProxyMethod
Event: 1.467 Loading class java/lang/reflect/ProxyGenerator$ProxyMethod done
Event: 1.468 Loading class java/lang/InterruptedException
Event: 1.468 Loading class java/lang/InterruptedException done
Event: 1.472 Loading class java/lang/reflect/ProxyGenerator$PrimitiveTypeInfo
Event: 1.472 Loading class java/lang/reflect/ProxyGenerator$PrimitiveTypeInfo done
Event: 1.473 Loading class jdk/internal/org/objectweb/asm/Edge
Event: 1.473 Loading class jdk/internal/org/objectweb/asm/Edge done
Event: 1.478 Loading class java/lang/reflect/Proxy$ProxyBuilder$1
Event: 1.478 Loading class java/lang/reflect/Proxy$ProxyBuilder$1 done
Event: 1.480 Loading class java/lang/annotation/Target
Event: 1.481 Loading class java/lang/annotation/Target done

Classes unloaded (0 events):
No events

Classes redefined (0 events):
No events

Internal exceptions (8 events):
Event: 0.492 Thread 0x0000029eb4dfbf30 Exception <a 'java/lang/NoSuchMethodError'{0x000000008974de98}: 'void java.lang.invoke.DirectMethodHandle$Holder.invokeStatic(java.lang.Object, java.lang.Object, java.lang.Object)'> (0x000000008974de98) 
thrown [s\open\src\hotspot\share\interpreter\linkResolver.cpp, line 773]
Event: 0.506 Thread 0x0000029eb4dfbf30 Exception <a 'java/lang/NoSuchMethodError'{0x00000000897653a0}: 'java.lang.Object java.lang.invoke.Invokers$Holder.invokeExact_MT(java.lang.Object, java.lang.Object, java.lang.Object, java.lang.Object, java.lang.Object)'> (0x00000000897653a0) 
thrown [s\open\src\hotspot\share\interpreter\linkResolver.cpp, line 773]
Event: 0.551 Thread 0x0000029eb4dfbf30 Exception <a 'java/lang/NoSuchMethodError'{0x000000008977a3d0}: 'void java.lang.invoke.DirectMethodHandle$Holder.invokeStatic(java.lang.Object, java.lang.Object)'> (0x000000008977a3d0) 
thrown [s\open\src\hotspot\share\interpreter\linkResolver.cpp, line 773]
Event: 0.551 Thread 0x0000029ed34df1e0 Exception <a 'java/lang/NoSuchMethodError'{0x00000000897904f8}: 'void java.lang.invoke.DirectMethodHandle$Holder.invokeStatic(java.lang.Object, java.lang.Object)'> (0x00000000897904f8) 
thrown [s\open\src\hotspot\share\interpreter\linkResolver.cpp, line 773]
Event: 0.949 Thread 0x0000029eb4dfbf30 Exception <a 'java/lang/ClassNotFoundException'{0x00000000893da578}: javax/smartcardio/CardPermission> (0x00000000893da578) 
thrown [s\open\src\hotspot\share\classfile\systemDictionary.cpp, line 312]
Event: 0.960 Thread 0x0000029eb4dfbf30 Exception <a 'java/io/FileNotFoundException'{0x00000000893e90a0}> (0x00000000893e90a0) 
thrown [s\open\src\hotspot\share\prims\jni.cpp, line 520]
Event: 1.114 Thread 0x0000029ed314fdb0 Exception <a 'java/lang/NoSuchMethodError'{0x00000000891062f0}: 'java.lang.Object java.lang.invoke.Invokers$Holder.invokeExact_MT(java.lang.Object, java.lang.Object, java.lang.Object, java.lang.Object, java.lang.Object, java.lang.Object)'> (0x00000000891062f0) 
thrown [s\open\src\hotspot\share\interpreter\linkResolver.cpp, line 773]
Event: 1.313 Thread 0x0000029eb4dfbf30 Exception <a 'java/lang/NoSuchMethodError'{0x00000000890f46f0}: 'int java.lang.invoke.DirectMethodHandle$Holder.invokeStaticInit(java.lang.Object, java.lang.Object)'> (0x00000000890f46f0) 
thrown [s\open\src\hotspot\share\interpreter\linkResolver.cpp, line 773]

ZGC Phase Switch (0 events):
No events

VM Operations (4 events):
Event: 0.392 Executing VM operation: HandshakeAllThreads (Deoptimize)
Event: 0.392 Executing VM operation: HandshakeAllThreads (Deoptimize) done
Event: 0.869 Executing VM operation: HandshakeAllThreads (Deoptimize)
Event: 0.869 Executing VM operation: HandshakeAllThreads (Deoptimize) done

Events (13 events):
Event: 0.063 Thread 0x0000029eb4dfbf30 Thread added: 0x0000029eb4dfbf30
Event: 0.116 Thread 0x0000029ed313e020 Thread added: 0x0000029ed313e020
Event: 0.116 Thread 0x0000029ed3140a10 Thread added: 0x0000029ed3140a10
Event: 0.117 Thread 0x0000029ed314f4c0 Thread added: 0x0000029ed314f4c0
Event: 0.117 Thread 0x0000029ed314fdb0 Thread added: 0x0000029ed314fdb0
Event: 0.117 Thread 0x0000029ed3150420 Thread added: 0x0000029ed3150420
Event: 0.118 Thread 0x0000029ed3154aa0 Thread added: 0x0000029ed3154aa0
Event: 0.118 Thread 0x0000029ed315a950 Thread added: 0x0000029ed315a950
Event: 0.118 Thread 0x0000029ed3165020 Thread added: 0x0000029ed3165020
Event: 0.366 Thread 0x0000029ed310c970 Thread added: 0x0000029ed310c970
Event: 0.520 Thread 0x0000029ed34df1e0 Thread added: 0x0000029ed34df1e0
Event: 0.520 Thread 0x0000029ed34df850 Thread added: 0x0000029ed34df850
Event: 0.933 Thread 0x0000029ed3671be0 Thread added: 0x0000029ed3671be0


Dynamic libraries:
0x00007ff77c460000 - 0x00007ff77c470000 	C:\Program Files\Java\jdk-21\bin\java.exe
0x00007fff55bd0000 - 0x00007fff55dc8000 	C:\Windows\SYSTEM32\ntdll.dll
0x00007fff55660000 - 0x00007fff55722000 	C:\Windows\System32\KERNEL32.DLL
0x00007fff53610000 - 0x00007fff5390e000 	C:\Windows\System32\KERNELBASE.dll
0x00007fff53aa0000 - 0x00007fff53ba0000 	C:\Windows\System32\ucrtbase.dll
0x00007fff4dc00000 - 0x00007fff4dc1b000 	C:\Program Files\Java\jdk-21\bin\VCRUNTIME140.dll
0x00007fff4c940000 - 0x00007fff4c959000 	C:\Program Files\Java\jdk-21\bin\jli.dll
0x00007fff54af0000 - 0x00007fff54ba1000 	C:\Windows\System32\ADVAPI32.dll
0x00007fff553b0000 - 0x00007fff5544e000 	C:\Windows\System32\msvcrt.dll
0x00007fff54810000 - 0x00007fff548af000 	C:\Windows\System32\sechost.dll
0x00007fff54960000 - 0x00007fff54a83000 	C:\Windows\System32\RPCRT4.dll
0x00007fff53540000 - 0x00007fff53567000 	C:\Windows\System32\bcrypt.dll
0x00007fff53c00000 - 0x00007fff53d9d000 	C:\Windows\System32\USER32.dll
0x00007fff429e0000 - 0x00007fff42c7a000 	C:\Windows\WinSxS\amd64_microsoft.windows.common-controls_6595b64144ccf1df_6.0.19041.4355_none_60b8b9eb71f62e16\COMCTL32.dll
0x00007fff53480000 - 0x00007fff534a2000 	C:\Windows\System32\win32u.dll
0x00007fff55b60000 - 0x00007fff55b8b000 	C:\Windows\System32\GDI32.dll
0x00007fff53980000 - 0x00007fff53a97000 	C:\Windows\System32\gdi32full.dll
0x00007fff53570000 - 0x00007fff5360d000 	C:\Windows\System32\msvcp_win.dll
0x00007fff42920000 - 0x00007fff4292a000 	C:\Windows\SYSTEM32\VERSION.dll
0x00007fff542a0000 - 0x00007fff542cf000 	C:\Windows\System32\IMM32.DLL
0x00007fff4dbf0000 - 0x00007fff4dbfc000 	C:\Program Files\Java\jdk-21\bin\vcruntime140_1.dll
0x00007fff3fbe0000 - 0x00007fff3fc6e000 	C:\Program Files\Java\jdk-21\bin\msvcp140.dll
0x00007fff0e2e0000 - 0x00007fff0eff3000 	C:\Program Files\Java\jdk-21\bin\server\jvm.dll
0x00007fff54330000 - 0x00007fff5439b000 	C:\Windows\System32\WS2_32.dll
0x00007fff530d0000 - 0x00007fff5311b000 	C:\Windows\SYSTEM32\POWRPROF.dll
0x00007fff42db0000 - 0x00007fff42dd7000 	C:\Windows\SYSTEM32\WINMM.dll
0x00007fff530b0000 - 0x00007fff530c2000 	C:\Windows\SYSTEM32\UMPDC.dll
0x00007fff51a90000 - 0x00007fff51aa2000 	C:\Windows\SYSTEM32\kernel.appcore.dll
0x00007fff4db50000 - 0x00007fff4db5a000 	C:\Program Files\Java\jdk-21\bin\jimage.dll
0x00007fff50fe0000 - 0x00007fff511c4000 	C:\Windows\SYSTEM32\DBGHELP.DLL
0x00007fff3c9a0000 - 0x00007fff3c9d4000 	C:\Windows\SYSTEM32\dbgcore.DLL
0x00007fff534b0000 - 0x00007fff53532000 	C:\Windows\System32\bcryptPrimitives.dll
0x00007fff4c930000 - 0x00007fff4c93f000 	C:\Program Files\Java\jdk-21\bin\instrument.dll
0x00007fff4c8e0000 - 0x00007fff4c8ff000 	C:\Program Files\Java\jdk-21\bin\java.dll
0x00007fff54bb0000 - 0x00007fff5531d000 	C:\Windows\System32\SHELL32.dll
0x00007fff511f0000 - 0x00007fff51994000 	C:\Windows\SYSTEM32\windows.storage.dll
0x00007fff55800000 - 0x00007fff55b53000 	C:\Windows\System32\combase.dll
0x00007fff52bd0000 - 0x00007fff52bfe000 	C:\Windows\SYSTEM32\Wldp.dll
0x00007fff54130000 - 0x00007fff541fd000 	C:\Windows\System32\OLEAUT32.dll
0x00007fff548b0000 - 0x00007fff5495d000 	C:\Windows\System32\SHCORE.dll
0x00007fff55790000 - 0x00007fff557e5000 	C:\Windows\System32\shlwapi.dll
0x00007fff531a0000 - 0x00007fff531c4000 	C:\Windows\SYSTEM32\profapi.dll
0x00007fff3fb00000 - 0x00007fff3fbd7000 	C:\Program Files\Java\jdk-21\bin\jsvml.dll
0x00007fff4c8c0000 - 0x00007fff4c8d8000 	C:\Program Files\Java\jdk-21\bin\zip.dll
0x00007fff4c920000 - 0x00007fff4c930000 	C:\Program Files\Java\jdk-21\bin\net.dll
0x00007fff49a90000 - 0x00007fff49b9d000 	C:\Windows\SYSTEM32\WINHTTP.dll
0x00007fff52930000 - 0x00007fff5299a000 	C:\Windows\system32\mswsock.dll
0x00007fff4c410000 - 0x00007fff4c426000 	C:\Program Files\Java\jdk-21\bin\nio.dll
0x00007fff4c370000 - 0x00007fff4c38a000 	C:\Users\user\AppData\Local\JetBrains\IntelliJ IDEA Community Edition 2024.2.0.2\bin\breakgen64.dll
0x00007fff4c360000 - 0x00007fff4c369000 	C:\Program Files\Java\jdk-21\bin\extnet.dll
0x00007fff4c310000 - 0x00007fff4c320000 	C:\Program Files\Java\jdk-21\bin\verify.dll

dbghelp: loaded successfully - version: 4.0.5 - missing functions: none
symbol engine: initialized successfully - sym options: 0x614 - pdb path: .;C:\Program Files\Java\jdk-21\bin;C:\Windows\SYSTEM32;C:\Windows\WinSxS\amd64_microsoft.windows.common-controls_6595b64144ccf1df_6.0.19041.4355_none_60b8b9eb71f62e16;C:\Program Files\Java\jdk-21\bin\server;C:\Users\user\AppData\Local\JetBrains\IntelliJ IDEA Community Edition 2024.2.0.2\bin

VM Arguments:
jvm_args: -ea --enable-preview -Didea.test.cyclic.buffer.size=1048576 -javaagent:C:\Users\user\AppData\Local\JetBrains\IntelliJ IDEA Community Edition 2024.2.0.2\lib\idea_rt.jar=51265:C:\Users\user\AppData\Local\JetBrains\IntelliJ IDEA Community Edition 2024.2.0.2\bin -Dfile.encoding=UTF-8 -Dsun.stdout.encoding=UTF-8 -Dsun.stderr.encoding=UTF-8 
java_command: com.intellij.rt.testng.RemoteTestNGStarter -usedefaultlisteners false -socket51264 @w@C:\Users\user\AppData\Local\Temp\idea_working_dirs_testng.tmp -temp C:\Users\user\AppData\Local\Temp\idea_testng.tmp
java_class_path (initial): C:\Users\user\AppData\Local\JetBrains\IntelliJ IDEA Community Edition 2024.2.0.2\lib\idea_rt.jar;C:\Users\user\AppData\Local\JetBrains\IntelliJ IDEA Community Edition 2024.2.0.2\plugins\testng\lib\testng-rt.jar;C:\Users\user\Documents\GitHub\BookingProject\BookingAPIProject\target\test-classes;C:\Users\user\Documents\GitHub\BookingProject\BookingAPIProject\target\classes;C:\Users\user\.m2\repository\io\rest-assured\rest-assured\5.4.0\rest-assured-5.4.0.jar;C:\Users\user\.m2\repository\org\apache\groovy\groovy\4.0.16\groovy-4.0.16.jar;C:\Users\user\.m2\repository\org\apache\groovy\groovy-xml\4.0.16\groovy-xml-4.0.16.jar;C:\Users\user\.m2\repository\org\apache\httpcomponents\httpclient\4.5.13\httpclient-4.5.13.jar;C:\Users\user\.m2\repository\org\apache\httpcomponents\httpcore\4.4.13\httpcore-4.4.13.jar;C:\Users\user\.m2\repository\commons-logging\commons-logging\1.2\commons-logging-1.2.jar;C:\Users\user\.m2\repository\commons-codec\commons-codec\1.11\commons-codec-1.11.jar;C:\Users\user\.m2\repository\org\apache\httpcomponents\httpmime\4.5.13\httpmime-4.5.13.jar;C:\Users\user\.m2\repository\org\hamcrest\hamcrest\2.2\hamcrest-2.2.jar;C:\Users\user\.m2\repository\org\ccil\cowan\tagsoup\tagsoup\1.2.1\tagsoup-1.2.1.jar;C:\Users\user\.m2\repository\io\rest-assured\xml-path\5.4.0\xml-path-5.4.0.jar;C:\Users\user\.m2\repository\org\apache\commons\commons-lang3\3.11\commons-lang3-3.11.jar;C:\Users\user\.m2\repository\org\testng\testng\7.10.2\testng-7.10.2.jar;C:\Users\user\.m2\repository\org\slf4j\slf4j-api\1.7.36\slf4j-api-1.7.36.jar;C:\Users\user\.m2\repository\com\beust\jcommander\1.82\jcommander-1.82.jar;C:\Users\user\.m2\repository\org\webjars\jquery\3.7.1\jquery-3.7.1.jar;C:\Users\user\.m2\repository\io\rest-assured\json-schema-validator\5.4.0\json-schema-validator-5.4.0.jar;C:\Users\user\.m2\repository\com\github\java-json-tools\json-schema-validator\2.2.14\json-schema-validator-2.2.14.jar;C:\Users\user\.m2\repository\com\github\java-json-tools\jackson-coreutils-equivalence\1.0\jackson-coreutils-equivalence-1.0.jar;C:\Users\user\.m2\repository\com\github\java-json-tools\jackson-coreutils\2.0\jackson-coreutils-2.0.jar;C:\Users\user\.m2\repository\com\github\java-json-tools\msg-simple\1.2\msg-simple-1.2.jar;C:\Users\user\.m2\repository\com\github\java-json-tools\btf\1.3\btf-1.3.jar;C:\Users\user\.m2\repository\com\github\java-json-tools\json-schema-core\1.2.14\json-schema-core-1.2.14.jar;C:\Users\user\.m2\repository\com\github\java-json-tools\uri-template\0.10\uri-template-0.10.jar;C:\Users\user\.m2\repository\org\mozilla\rhino\1.7.7.2\rhino-1.7.7.2.jar;C:\Users\user\.m2\repository\com\sun\mail\mailapi\1.6.2\mailapi-1.6.2.jar;C:\Users\user\.m2\repository\joda-time\joda-time\2.10.5\joda-time-2.10.5.jar;C:\Users\user\.m2\repository\com\googlecode\libphonenumber\libphonenumber\8.11.1\libphonenumber-8.11.1.jar;C:\Users\user\.m2\repository\com\google\code\findbugs\jsr305\3.0.2\jsr305-3.0.2.jar;C:\Users\user\.m2\repository\net\sf\jopt-simple\jopt-simple\5.0.4\jopt-simple-5.0.4.jar;C:\Users\user\.m2\repository\com\google\guava\guava\32.0.1-jre\guava-32.0.1-jre.jar;C:\Users\user\.m2\repository\com\google\guava\failureaccess\1.0.1\failureaccess-1.0.1.jar;C:\Users\user\.m2\repository\com\google\guava\listenablefuture\9999.0-empty-to-avoid-conflict-with-guava\listenablefuture-9999.0-empty-to-avoid-conflict-with-guava.jar;C:\Users\user\.m2\repository\org\checkerframework\checker-qual\3.33.0\checker-qual-3.33.0.jar;C:\Users\user\.m2\repository\com\google\errorprone\error_prone_annotations\2.18.0\error_prone_annotations-2.18.0.jar;C:\Users\user\.m2\repository\com\google\j2objc\j2objc-annotations\2.8\j2objc-annotations-2.8.jar;C:\Users\user\.m2\repository\io\rest-assured\json-path\5.4.0\json-path-5.4.0.jar;C:\Users\user\.m2\repository\org\apache\groovy\groovy-json\4.0.16\groovy-json-4.0.16.jar;C:\Users\user\.m2\repository\io\rest-assured\rest-assured-common\5.4.0\rest-assured-common-5.4.0.jar;C:\Users\user\.m2\repository\com\google\code\gson\gson\2.10.1\gson-2.10.1.jar;C:\Users\user\.m2\repository\com\aventstack\extentreports\5.1.1\extentreports-5.1.1.jar;C:\Users\user\.m2\repository\io\reactivex\rxjava3\rxjava\3.1.6\rxjava-3.1.6.jar;C:\Users\user\.m2\repository\org\reactivestreams\reactive-streams\1.0.4\reactive-streams-1.0.4.jar;C:\Users\user\.m2\repository\org\freemarker\freemarker\2.3.32\freemarker-2.3.32.jar;C:\Users\user\.m2\repository\org\projectlombok\lombok\1.18.26\lombok-1.18.26.jar;C:\Users\user\.m2\repository\com\fasterxml\jackson\core\jackson-databind\2.18.2\jackson-databind-2.18.2.jar;C:\Users\user\.m2\repository\com\fasterxml\jackson\core\jackson-annotations\2.18.2\jackson-annotations-2.18.2.jar;C:\Users\user\.m2\repository\com\fasterxml\jackson\core\jackson-core\2.18.2\jackson-core-2.18.2.jar;C:\Users\user\.m2\repository\ch\qos\logback\logback-classic\1.2.11\logback-classic-1.2.11.jar;C:\Users\user\.m2\repository\ch\qos\logback\logback-core\1.2.11\logback-core-1.2.11.jar;C:\Users\user\.m2\repository\junit\junit\4.13.2\junit-4.13.2.jar;C:\Users\user\.m2\repository\org\hamcrest\hamcrest-core\1.3\hamcrest-core-1.3.jar;C:\Users\user\.m2\repository\org\junit\jupiter\junit-jupiter-api\5.7.2\junit-jupiter-api-5.7.2.jar;C:\Users\user\.m2\repository\org\apiguardian\apiguardian-api\1.1.0\apiguardian-api-1.1.0.jar;C:\Users\user\.m2\repository\org\opentest4j\opentest4j\1.2.0\opentest4j-1.2.0.jar;C:\Users\user\.m2\repository\org\junit\platform\junit-platform-commons\1.7.2\junit-platform-commons-1.7.2.jar
Launcher Type: SUN_STANDARD

[Global flags]
     intx CICompilerCount                          = 3                                         {product} {ergonomic}
     uint ConcGCThreads                            = 1                                         {product} {ergonomic}
     uint G1ConcRefinementThreads                  = 4                                         {product} {ergonomic}
   size_t G1HeapRegionSize                         = 1048576                                   {product} {ergonomic}
    uintx GCDrainStackTargetSize                   = 64                                        {product} {ergonomic}
   size_t InitialHeapSize                          = 134217728                                 {product} {ergonomic}
   size_t MarkStackSize                            = 4194304                                   {product} {ergonomic}
   size_t MaxHeapSize                              = 2120220672                                {product} {ergonomic}
   size_t MaxNewSize                               = 1271922688                                {product} {ergonomic}
   size_t MinHeapDeltaBytes                        = 1048576                                   {product} {ergonomic}
   size_t MinHeapSize                              = 8388608                                   {product} {ergonomic}
    uintx NonNMethodCodeHeapSize                   = 5832780                                {pd product} {ergonomic}
    uintx NonProfiledCodeHeapSize                  = 122912730                              {pd product} {ergonomic}
    uintx ProfiledCodeHeapSize                     = 122912730                              {pd product} {ergonomic}
    uintx ReservedCodeCacheSize                    = 251658240                              {pd product} {ergonomic}
     bool SegmentedCodeCache                       = true                                      {product} {ergonomic}
   size_t SoftMaxHeapSize                          = 2120220672                             {manageable} {ergonomic}
     bool UseCompressedOops                        = true                           {product lp64_product} {ergonomic}
     bool UseG1GC                                  = true                                      {product} {ergonomic}
     bool UseLargePagesIndividualAllocation        = false                                  {pd product} {ergonomic}

Logging:
Log output configuration:
 #0: stdout all=warning uptime,level,tags foldmultilines=false
 #1: stderr all=off uptime,level,tags foldmultilines=false

Environment Variables:
JAVA_HOME=C:\Program Files\Java\jdk-22
PATH=C:\Program Files\Common Files\Oracle\Java\javapath;C:\Windows\system32;C:\Windows;C:\Windows\System32\Wbem;C:\Windows\System32\WindowsPowerShell\v1.0\;C:\Windows\System32\OpenSSH\;C:\Program Files\Java\jdk-22\bin;C:\Maven\apache-maven-3.9.9-bin\apache-maven-3.9.9\bin;C:\Users\user\AppData\Local\Microsoft\WindowsApps;C:\Users\user\AppData\Local\GitHubDesktop\bin
USERNAME=user
OS=Windows_NT
PROCESSOR_IDENTIFIER=Intel64 Family 6 Model 61 Stepping 4, GenuineIntel
TMP=C:\Users\user\AppData\Local\Temp
TEMP=C:\Users\user\AppData\Local\Temp




Periodic native trim disabled

---------------  S Y S T E M  ---------------

OS:
 Windows 10 , 64 bit Build 19041 (10.0.19041.5198)
OS uptime: 0 days 12:03 hours

CPU: total 4 (initial active 4) (2 cores per cpu, 2 threads per core) family 6 model 61 stepping 4 microcode 0x2d, cx8, cmov, fxsr, ht, mmx, 3dnowpref, sse, sse2, sse3, ssse3, sse4.1, sse4.2, popcnt, lzcnt, tsc, tscinvbit, avx, avx2, aes, erms, clmul, bmi1, bmi2, rtm, adx, fma, vzeroupper, clflush, rdtscp, f16c
Processor Information for all 4 processors :
  Max Mhz: 2601, Current Mhz: 1200, Mhz Limit: 1196

Memory: 4k page, system-wide physical 8083M (1452M free)
TotalPageFile size 13203M (AvailPageFile size 3661M)
current process WorkingSet (physical memory assigned to process): 63M, peak: 63M
current process commit charge ("private bytes"): 215M, peak: 215M

vm_info: Java HotSpot(TM) 64-Bit Server VM (21.0.4+8-LTS-274) for windows-amd64 JRE (21.0.4+8-LTS-274), built on 2024-06-05T05:23:33Z by "mach5one" with MS VC++ 17.6 (VS2022)

END.
