#
# A fatal error has been detected by the Java Runtime Environment:
#
#  EXCEPTION_ACCESS_VIOLATION (0xc0000005) at pc=0x00007fff0e8da10a, pid=15628, tid=14940
#
# JRE version: Java(TM) SE Runtime Environment (21.0.4+8) (build 21.0.4+8-LTS-274)
# Java VM: Java HotSpot(TM) 64-Bit Server VM (21.0.4+8-LTS-274, mixed mode, sharing, tiered, compressed oops, compressed class ptrs, g1 gc, windows-amd64)
# Problematic frame:
# V  [jvm.dll+0x5fa10a]
#
# No core dump will be written. Minidumps are not enabled by default on client versions of Windows
#
# If you would like to submit a bug report, please visit:
#   https://bugreport.java.com/bugreport/crash.jsp
#

---------------  S U M M A R Y ------------

Command Line: -ea --enable-preview -Didea.test.cyclic.buffer.size=1048576 -javaagent:C:\Users\user\AppData\Local\JetBrains\IntelliJ IDEA Community Edition 2024.2.0.2\lib\idea_rt.jar=50934:C:\Users\user\AppData\Local\JetBrains\IntelliJ IDEA Community Edition 2024.2.0.2\bin -Dfile.encoding=UTF-8 -Dsun.stdout.encoding=UTF-8 -Dsun.stderr.encoding=UTF-8 com.intellij.rt.testng.RemoteTestNGStarter -usedefaultlisteners false -socket50933 @w@C:\Users\user\AppData\Local\Temp\idea_working_dirs_testng.tmp -temp C:\Users\user\AppData\Local\Temp\idea_testng.tmp

Host: Intel(R) Core(TM) i7-5600U CPU @ 2.60GHz, 4 cores, 7G,  Windows 10 , 64 bit Build 19041 (10.0.19041.5198)
Time: Thu Jan  9 10:34:00 2025 Pacific Standard Time elapsed time: 7.091289 seconds (0d 0h 0m 7s)

---------------  T H R E A D  ---------------

Current thread (0x000001efb3844f30):  JavaThread "C2 CompilerThread0" daemon [_thread_in_native, id=14940, stack(0x0000004572a00000,0x0000004572b00000) (1024K)]


Current CompileTask:
C2:   7091 3106       4       java.util.regex.Pattern::compile (537 bytes)

Stack: [0x0000004572a00000,0x0000004572b00000],  sp=0x0000004572afbfe0,  free space=1007k
Native frames: (J=compiled Java code, j=interpreted, Vv=VM code, C=native code)
V  [jvm.dll+0x5fa10a]
V  [jvm.dll+0x5f541f]
V  [jvm.dll+0x5f51da]
V  [jvm.dll+0x5f4348]
V  [jvm.dll+0x24f102]
V  [jvm.dll+0x24f4bf]
V  [jvm.dll+0x2480c4]
V  [jvm.dll+0x245754]
V  [jvm.dll+0x1c69de]
V  [jvm.dll+0x254d49]
V  [jvm.dll+0x2532da]
V  [jvm.dll+0x3ed426]
V  [jvm.dll+0x7fd65b]
V  [jvm.dll+0x6c753d]
C  [ucrtbase.dll+0x21bb2]
C  [KERNEL32.DLL+0x17374]
C  [ntdll.dll+0x4cc91]


siginfo: EXCEPTION_ACCESS_VIOLATION (0xc0000005), reading address 0x000001eff30b8294


Registers:
RAX=0x000001effa6b7000, RBX=0x000001eff30b8268, RCX=0x00000000000001e6, RDX=0x000001eff93206d0
RSP=0x0000004572afbfe0, RBP=0x0000004572afc069, RSI=0x000001efb3a4e538, RDI=0x000001effb0b81f0
R8 =0x0000000000000000, R9 =0x0000000000000000, R10=0x000001efb3a4e538, R11=0x0000004572afbf30
R12=0x0000004572afc4b0, R13=0x000001efb3a4e630, R14=0x000001efb3ac5de8, R15=0x0000000000000000
RIP=0x00007fff0e8da10a, EFLAGS=0x0000000000010212


Register to memory mapping:

RAX=0x000001effa6b7000 points into unknown readable memory: 0x000001effa695008 | 08 50 69 fa ef 01 00 00
RBX=0x000001eff30b8268 is an unknown value
RCX=0x00000000000001e6 is an unknown value
RDX=0x000001eff93206d0 points into unknown readable memory: 0x00007fff0ed2af08 | 08 af d2 0e ff 7f 00 00
RSP=0x0000004572afbfe0 is pointing into the stack for thread: 0x000001efb3844f30
RBP=0x0000004572afc069 is pointing into the stack for thread: 0x000001efb3844f30
RSI=0x000001efb3a4e538 points into unknown readable memory: 0x00007fff0ec96010 | 10 60 c9 0e ff 7f 00 00
RDI=0x000001effb0b81f0 points into unknown readable memory: 0x00007fff0ec6d6d8 | d8 d6 c6 0e ff 7f 00 00
R8 =0x0 is null
R9 =0x0 is null
R10=0x000001efb3a4e538 points into unknown readable memory: 0x00007fff0ec96010 | 10 60 c9 0e ff 7f 00 00
R11=0x0000004572afbf30 is pointing into the stack for thread: 0x000001efb3844f30
R12=0x0000004572afc4b0 is pointing into the stack for thread: 0x000001efb3844f30
R13=0x000001efb3a4e630 points into unknown readable memory: 0x00007fff0ecb8788 | 88 87 cb 0e ff 7f 00 00
R14=0x000001efb3ac5de8 points into unknown readable memory: 0x00007fff0ecb9050 | 50 90 cb 0e ff 7f 00 00
R15=0x0 is null

Top of Stack: (sp=0x0000004572afbfe0)
0x0000004572afbfe0:   000001effb0b84e8 000001efb3a4e538
0x0000004572afbff0:   0000004572afc069 000001efb3a4e538
0x0000004572afc000:   00000004000001e6 000001eff9600288
0x0000004572afc010:   000001efb382d790 00007fff00000200
0x0000004572afc020:   000001effa6b7000 000001ef000001fe
0x0000004572afc030:   000001ef00000100 000001effa6b6c00
0x0000004572afc040:   000001ef00000100 000001efb382d790
0x0000004572afc050:   0000000000000000 00007fff0e985e2c
0x0000004572afc060:   0000000000000000 00007fff0e8d69bd
0x0000004572afc070:   000001efb3a4e700 000001efb3ac5d00
0x0000004572afc080:   0000004500000000 000001efb3ac5de8
0x0000004572afc090:   0000000000000001 0000004572afc4b0
0x0000004572afc0a0:   0000000000000001 000001efb3a4e538
0x0000004572afc0b0:   0000004572afc1d0 000001efb3ac5de8
0x0000004572afc0c0:   0000000000000008 00007fff0e8d541f
0x0000004572afc0d0:   0000004572afc4b0 000001efb3ac5de8
0x0000004572afc0e0:   000001efb3a4e538 000001efb3a4e630
0x0000004572afc0f0:   000001efb3ac5de8 0000000000000001
0x0000004572afc100:   0000004572afc1f0 0000004572afc4b0
0x0000004572afc110:   000001efb3ac5ed0 00007fff0e8d51da
0x0000004572afc120:   0000000000000008 000001eff9600210
0x0000004572afc130:   0000004572afc1d0 0000004572afc1b0
0x0000004572afc140:   000001ef97743c90 0000000000000000
0x0000004572afc150:   0000004572afc280 000001efb3848a00
0x0000004572afc160:   0000000000000000 0000004572afc4b0
0x0000004572afc170:   000001efb3a4e4a8 00007fff0e8d4348
0x0000004572afc180:   0000004572afc4b0 0000000000000001
0x0000004572afc190:   0000004500000001 0000004572afc1f0
0x0000004572afc1a0:   000001effa6a87b8 000001efb3856df0
0x0000004572afc1b0:   000001efb382d790 000001ef00000100
0x0000004572afc1c0:   000001eff99eef40 00007fff000000e1
0x0000004572afc1d0:   000001ef00000100 000001eff99eeb40 

Instructions: (pc=0x00007fff0e8da10a)
0x00007fff0e8da00a:   49 8d 41 20 48 89 41 18 eb 0f 45 33 c0 41 8d 50
0x00007fff0e8da01a:   20 e8 c0 ae ac ff 4c 8b c8 44 8b 45 af 33 d2 49
0x00007fff0e8da02a:   c1 e0 03 49 8b c9 4c 89 4d b7 e8 09 8c 2f 00 33
0x00007fff0e8da03a:   db 48 8d 4d c7 48 89 5d f7 89 5d bf e8 35 1d 24
0x00007fff0e8da04a:   00 49 8b 46 08 89 5d e7 48 8b 40 08 48 89 45 07
0x00007fff0e8da05a:   48 8b 78 10 8b 40 20 4c 8d 3c c7 49 3b ff 73 7a
0x00007fff0e8da06a:   66 0f 1f 44 00 00 4c 8b 37 41 8b 76 28 8b de c1
0x00007fff0e8da07a:   eb 05 3b 5d c7 72 0b 8b d3 48 8d 4d c7 e8 54 1d
0x00007fff0e8da08a:   24 00 48 8b 45 cf 83 e6 1f 48 8d 14 98 40 0f b6
0x00007fff0e8da09a:   ce 41 b8 01 00 00 00 41 d3 e0 8b 0a 8b c1 41 0b
0x00007fff0e8da0aa:   c0 89 02 41 85 c8 75 21 8b 5d bf 8d 43 01 89 45
0x00007fff0e8da0ba:   bf 3b 5d af 72 0b 8b d3 48 8d 4d a7 e8 05 bd 0a
0x00007fff0e8da0ca:   00 48 8b 45 b7 4c 89 34 d8 48 83 c7 08 49 3b ff
0x00007fff0e8da0da:   72 94 48 8b 75 77 4c 8b 75 6f 45 33 ff 41 8b c7
0x00007fff0e8da0ea:   89 45 97 44 39 7d bf 0f 86 01 01 00 00 4c 3b ee
0x00007fff0e8da0fa:   0f 84 27 02 00 00 8b c8 48 8b 45 b7 48 8b 1c c8
0x00007fff0e8da10a:   8b 43 2c 83 e0 3f 3c 30 0f 84 cb 00 00 00 48 8b
0x00007fff0e8da11a:   03 48 8b cb ff 10 3d 2c 01 00 00 0f 84 b8 00 00
0x00007fff0e8da12a:   00 8b 43 2c 83 e0 1f 3c 1f 75 10 48 8b cb e8 23
0x00007fff0e8da13a:   56 bd ff 85 c0 0f 85 9e 00 00 00 8b 4b 2c 8b c1
0x00007fff0e8da14a:   83 e0 0f 3c 0c 0f 84 8e 00 00 00 80 f9 80 0f 85
0x00007fff0e8da15a:   f4 01 00 00 48 8b 7b 10 8b 43 20 4c 8d 3c c7 49
0x00007fff0e8da16a:   3b ff 73 72 66 90 4c 8b 37 41 8b 76 28 8b de c1
0x00007fff0e8da17a:   eb 05 3b 5d c7 72 0b 8b d3 48 8d 4d c7 e8 54 1c
0x00007fff0e8da18a:   24 00 48 8b 45 cf 83 e6 1f 48 8d 14 98 40 0f b6
0x00007fff0e8da19a:   ce 41 b8 01 00 00 00 41 d3 e0 8b 0a 41 8b c0 0b
0x00007fff0e8da1aa:   c1 89 02 44 85 c1 75 21 8b 5d bf 8d 43 01 89 45
0x00007fff0e8da1ba:   bf 3b 5d af 72 0b 8b d3 48 8d 4d a7 e8 05 bc 0a
0x00007fff0e8da1ca:   00 48 8b 45 b7 4c 89 34 d8 48 83 c7 08 49 3b ff
0x00007fff0e8da1da:   72 94 48 8b 75 77 45 33 ff 8b 45 97 4c 8b 75 6f
0x00007fff0e8da1ea:   ff c0 89 45 97 3b 45 bf 0f 82 ff fe ff ff 4c 3b
0x00007fff0e8da1fa:   ee 0f 84 26 01 00 00 83 7d bf 00 0f 86 1c 01 00 


Stack slot to memory mapping:

stack at sp + 0 slots: 0x000001effb0b84e8 points into unknown readable memory: 0x00007fff0ecfb008 | 08 b0 cf 0e ff 7f 00 00
stack at sp + 1 slots: 0x000001efb3a4e538 points into unknown readable memory: 0x00007fff0ec96010 | 10 60 c9 0e ff 7f 00 00
stack at sp + 2 slots: 0x0000004572afc069 is pointing into the stack for thread: 0x000001efb3844f30
stack at sp + 3 slots: 0x000001efb3a4e538 points into unknown readable memory: 0x00007fff0ec96010 | 10 60 c9 0e ff 7f 00 00
stack at sp + 4 slots: 0x00000004000001e6 is an unknown value
stack at sp + 5 slots: 0x000001eff9600288 points into unknown readable memory: 0x000001effa363b38 | 38 3b 36 fa ef 01 00 00
stack at sp + 6 slots: 0x000001efb382d790 points into unknown readable memory: 0x0000000000000007 | 07 00 00 00 00 00 00 00
stack at sp + 7 slots: 0x00007fff00000200 is an unknown value


---------------  P R O C E S S  ---------------

Threads class SMR info:
_java_thread_list=0x000001eff9e7ac60, length=15, elements={
0x000001ef977442d0, 0x000001efb382c560, 0x000001efb382f340, 0x000001efb383fff0,
0x000001efb3842a60, 0x000001efb38434c0, 0x000001efb38441a0, 0x000001efb3844f30,
0x000001efb3849df0, 0x000001efb37fb880, 0x000001efb3b8bfe0, 0x000001efb3b8c650,
0x000001eff9729620, 0x000001eff97f6150, 0x000001effa0b6850
}

Java Threads: ( => current thread )
  0x000001ef977442d0 JavaThread "main"                              [_thread_in_vm, id=244, stack(0x0000004571c00000,0x0000004571d00000) (1024K)]
  0x000001efb382c560 JavaThread "Reference Handler"          daemon [_thread_blocked, id=13804, stack(0x0000004572400000,0x0000004572500000) (1024K)]
  0x000001efb382f340 JavaThread "Finalizer"                  daemon [_thread_blocked, id=4652, stack(0x0000004572500000,0x0000004572600000) (1024K)]
  0x000001efb383fff0 JavaThread "Signal Dispatcher"          daemon [_thread_blocked, id=8744, stack(0x0000004572600000,0x0000004572700000) (1024K)]
  0x000001efb3842a60 JavaThread "Attach Listener"            daemon [_thread_blocked, id=2848, stack(0x0000004572700000,0x0000004572800000) (1024K)]
  0x000001efb38434c0 JavaThread "Service Thread"             daemon [_thread_blocked, id=15816, stack(0x0000004572800000,0x0000004572900000) (1024K)]
  0x000001efb38441a0 JavaThread "Monitor Deflation Thread"   daemon [_thread_blocked, id=14416, stack(0x0000004572900000,0x0000004572a00000) (1024K)]
=>0x000001efb3844f30 JavaThread "C2 CompilerThread0"         daemon [_thread_in_native, id=14940, stack(0x0000004572a00000,0x0000004572b00000) (1024K)]
  0x000001efb3849df0 JavaThread "C1 CompilerThread0"         daemon [_thread_blocked, id=16028, stack(0x0000004572b00000,0x0000004572c00000) (1024K)]
  0x000001efb37fb880 JavaThread "Common-Cleaner"             daemon [_thread_blocked, id=2332, stack(0x0000004572c00000,0x0000004572d00000) (1024K)]
  0x000001efb3b8bfe0 JavaThread "Monitor Ctrl-Break"         daemon [_thread_in_native, id=15260, stack(0x0000004572d00000,0x0000004572e00000) (1024K)]
  0x000001efb3b8c650 JavaThread "Notification Thread"        daemon [_thread_blocked, id=13648, stack(0x0000004572e00000,0x0000004572f00000) (1024K)]
  0x000001eff9729620 JavaThread "ForkJoinPool.commonPool-worker-1" daemon [_thread_blocked, id=16120, stack(0x0000004573300000,0x0000004573400000) (1024K)]
  0x000001eff97f6150 JavaThread "ForkJoinPool.commonPool-worker-2" daemon [_thread_blocked, id=3328, stack(0x0000004573400000,0x0000004573500000) (1024K)]
  0x000001effa0b6850 JavaThread "C2 CompilerThread1"         daemon [_thread_in_native, id=9448, stack(0x0000004572f00000,0x0000004573000000) (1024K)]
Total: 15

Other Threads:
  0x000001efb380ff80 VMThread "VM Thread"                           [id=8336, stack(0x0000004572300000,0x0000004572400000) (1024K)]
  0x000001efb37fa350 WatcherThread "VM Periodic Task Thread"        [id=11920, stack(0x0000004572200000,0x0000004572300000) (1024K)]
  0x000001ef9779acb0 WorkerThread "GC Thread#0"                     [id=232, stack(0x0000004571d00000,0x0000004571e00000) (1024K)]
  0x000001eff964bb70 WorkerThread "GC Thread#1"                     [id=15536, stack(0x0000004573000000,0x0000004573100000) (1024K)]
  0x000001eff964bf10 WorkerThread "GC Thread#2"                     [id=12464, stack(0x0000004573100000,0x0000004573200000) (1024K)]
  0x000001eff9819c70 WorkerThread "GC Thread#3"                     [id=12380, stack(0x0000004573200000,0x0000004573300000) (1024K)]
  0x000001ef977aba10 ConcurrentGCThread "G1 Main Marker"            [id=240, stack(0x0000004571e00000,0x0000004571f00000) (1024K)]
  0x000001ef977adbd0 WorkerThread "G1 Conc#0"                       [id=220, stack(0x0000004571f00000,0x0000004572000000) (1024K)]
  0x000001ef9780e890 ConcurrentGCThread "G1 Refine#0"               [id=224, stack(0x0000004572000000,0x0000004572100000) (1024K)]
  0x000001efb36b84e0 ConcurrentGCThread "G1 Service"                [id=1468, stack(0x0000004572100000,0x0000004572200000) (1024K)]
Total: 10

Threads with active compile tasks:
C2 CompilerThread0     7320 3106       4       java.util.regex.Pattern::compile (537 bytes)
C1 CompilerThread0     7320 3186       3       java.math.BigInteger::trustedStripLeadingZeroInts (37 bytes)
C2 CompilerThread1     7320 3155       4       java.util.HashSet::add (20 bytes)
Total: 3

VM state: not at safepoint (normal execution)

VM Mutex/Monitor currently owned by a thread: None

Heap address: 0x0000000081a00000, size: 2022 MB, Compressed Oops mode: 32-bit

CDS archive(s) mapped at: [0x000001efb4000000-0x000001efb4c90000-0x000001efb4c90000), size 13172736, SharedBaseAddress: 0x000001efb4000000, ArchiveRelocationMode: 1.
Compressed class space mapped at: 0x000001efb5000000-0x000001eff5000000, reserved size: 1073741824
Narrow klass base: 0x000001efb4000000, Narrow klass shift: 0, Narrow klass range: 0x100000000

GC Precious Log:
 CardTable entry size: 512
 Card Set container configuration: InlinePtr #cards 5 size 8 Array Of Cards #cards 12 size 40 Howl #buckets 4 coarsen threshold 1843 Howl Bitmap #cards 512 size 80 coarsen threshold 460 Card regions per heap region 1 cards per card region 2048
 CPUs: 4 total, 4 available
 Memory: 8083M
 Large Page Support: Disabled
 NUMA Support: Disabled
 Compressed Oops: Enabled (32-bit)
 Heap Region Size: 1M
 Heap Min Capacity: 8M
 Heap Initial Capacity: 128M
 Heap Max Capacity: 2022M
 Pre-touch: Disabled
 Parallel Workers: 4
 Concurrent Workers: 1
 Concurrent Refinement Workers: 4
 Periodic GC: Disabled

Heap:
 garbage-first heap   total 131072K, used 53223K [0x0000000081a00000, 0x0000000100000000)
  region size 1024K, 46 young (47104K), 4 survivors (4096K)
 Metaspace       used 18563K, committed 19200K, reserved 1114112K
  class space    used 2115K, committed 2368K, reserved 1048576K

Heap Regions: E=young(eden), S=young(survivor), O=old, HS=humongous(starts), HC=humongous(continues), CS=collection set, F=free, TAMS=top-at-mark-start, PB=parsable bottom
|   0|0x0000000081a00000, 0x0000000081b00000, 0x0000000081b00000|100%| O|  |TAMS 0x0000000081a00000| PB 0x0000000081a00000| Untracked 
|   1|0x0000000081b00000, 0x0000000081c00000, 0x0000000081c00000|100%| O|  |TAMS 0x0000000081b00000| PB 0x0000000081b00000| Untracked 
|   2|0x0000000081c00000, 0x0000000081d00000, 0x0000000081d00000|100%| O|  |TAMS 0x0000000081c00000| PB 0x0000000081c00000| Untracked 
|   3|0x0000000081d00000, 0x0000000081e00000, 0x0000000081e00000|100%| O|  |TAMS 0x0000000081d00000| PB 0x0000000081d00000| Untracked 
|   4|0x0000000081e00000, 0x0000000081f00000, 0x0000000081f00000|100%| O|  |TAMS 0x0000000081e00000| PB 0x0000000081e00000| Untracked 
|   5|0x0000000081f00000, 0x0000000082000000, 0x0000000082000000|100%| O|  |TAMS 0x0000000081f00000| PB 0x0000000081f00000| Untracked 
|   6|0x0000000082000000, 0x0000000082000000, 0x0000000082100000|  0%| F|  |TAMS 0x0000000082000000| PB 0x0000000082000000| Untracked 
|   7|0x0000000082100000, 0x0000000082100000, 0x0000000082200000|  0%| F|  |TAMS 0x0000000082100000| PB 0x0000000082100000| Untracked 
|   8|0x0000000082200000, 0x0000000082200000, 0x0000000082300000|  0%| F|  |TAMS 0x0000000082200000| PB 0x0000000082200000| Untracked 
|   9|0x0000000082300000, 0x0000000082400000, 0x0000000082400000|100%| O|  |TAMS 0x0000000082300000| PB 0x0000000082300000| Untracked 
|  10|0x0000000082400000, 0x00000000824f9fc0, 0x0000000082500000| 97%| O|  |TAMS 0x0000000082400000| PB 0x0000000082400000| Untracked 
|  11|0x0000000082500000, 0x0000000082500000, 0x0000000082600000|  0%| F|  |TAMS 0x0000000082500000| PB 0x0000000082500000| Untracked 
|  12|0x0000000082600000, 0x0000000082600000, 0x0000000082700000|  0%| F|  |TAMS 0x0000000082600000| PB 0x0000000082600000| Untracked 
|  13|0x0000000082700000, 0x0000000082700000, 0x0000000082800000|  0%| F|  |TAMS 0x0000000082700000| PB 0x0000000082700000| Untracked 
|  14|0x0000000082800000, 0x0000000082800000, 0x0000000082900000|  0%| F|  |TAMS 0x0000000082800000| PB 0x0000000082800000| Untracked 
|  15|0x0000000082900000, 0x0000000082900000, 0x0000000082a00000|  0%| F|  |TAMS 0x0000000082900000| PB 0x0000000082900000| Untracked 
|  16|0x0000000082a00000, 0x0000000082a00000, 0x0000000082b00000|  0%| F|  |TAMS 0x0000000082a00000| PB 0x0000000082a00000| Untracked 
|  17|0x0000000082b00000, 0x0000000082b00000, 0x0000000082c00000|  0%| F|  |TAMS 0x0000000082b00000| PB 0x0000000082b00000| Untracked 
|  18|0x0000000082c00000, 0x0000000082c00000, 0x0000000082d00000|  0%| F|  |TAMS 0x0000000082c00000| PB 0x0000000082c00000| Untracked 
|  19|0x0000000082d00000, 0x0000000082d00000, 0x0000000082e00000|  0%| F|  |TAMS 0x0000000082d00000| PB 0x0000000082d00000| Untracked 
|  20|0x0000000082e00000, 0x0000000082e00000, 0x0000000082f00000|  0%| F|  |TAMS 0x0000000082e00000| PB 0x0000000082e00000| Untracked 
|  21|0x0000000082f00000, 0x0000000082f00000, 0x0000000083000000|  0%| F|  |TAMS 0x0000000082f00000| PB 0x0000000082f00000| Untracked 
|  22|0x0000000083000000, 0x0000000083000000, 0x0000000083100000|  0%| F|  |TAMS 0x0000000083000000| PB 0x0000000083000000| Untracked 
|  23|0x0000000083100000, 0x0000000083100000, 0x0000000083200000|  0%| F|  |TAMS 0x0000000083100000| PB 0x0000000083100000| Untracked 
|  24|0x0000000083200000, 0x0000000083200000, 0x0000000083300000|  0%| F|  |TAMS 0x0000000083200000| PB 0x0000000083200000| Untracked 
|  25|0x0000000083300000, 0x0000000083300000, 0x0000000083400000|  0%| F|  |TAMS 0x0000000083300000| PB 0x0000000083300000| Untracked 
|  26|0x0000000083400000, 0x0000000083400000, 0x0000000083500000|  0%| F|  |TAMS 0x0000000083400000| PB 0x0000000083400000| Untracked 
|  27|0x0000000083500000, 0x0000000083500000, 0x0000000083600000|  0%| F|  |TAMS 0x0000000083500000| PB 0x0000000083500000| Untracked 
|  28|0x0000000083600000, 0x0000000083600000, 0x0000000083700000|  0%| F|  |TAMS 0x0000000083600000| PB 0x0000000083600000| Untracked 
|  29|0x0000000083700000, 0x0000000083700000, 0x0000000083800000|  0%| F|  |TAMS 0x0000000083700000| PB 0x0000000083700000| Untracked 
|  30|0x0000000083800000, 0x0000000083800000, 0x0000000083900000|  0%| F|  |TAMS 0x0000000083800000| PB 0x0000000083800000| Untracked 
|  31|0x0000000083900000, 0x0000000083900000, 0x0000000083a00000|  0%| F|  |TAMS 0x0000000083900000| PB 0x0000000083900000| Untracked 
|  32|0x0000000083a00000, 0x0000000083a00000, 0x0000000083b00000|  0%| F|  |TAMS 0x0000000083a00000| PB 0x0000000083a00000| Untracked 
|  33|0x0000000083b00000, 0x0000000083b00000, 0x0000000083c00000|  0%| F|  |TAMS 0x0000000083b00000| PB 0x0000000083b00000| Untracked 
|  34|0x0000000083c00000, 0x0000000083c00000, 0x0000000083d00000|  0%| F|  |TAMS 0x0000000083c00000| PB 0x0000000083c00000| Untracked 
|  35|0x0000000083d00000, 0x0000000083d00000, 0x0000000083e00000|  0%| F|  |TAMS 0x0000000083d00000| PB 0x0000000083d00000| Untracked 
|  36|0x0000000083e00000, 0x0000000083e00000, 0x0000000083f00000|  0%| F|  |TAMS 0x0000000083e00000| PB 0x0000000083e00000| Untracked 
|  37|0x0000000083f00000, 0x0000000083f00000, 0x0000000084000000|  0%| F|  |TAMS 0x0000000083f00000| PB 0x0000000083f00000| Untracked 
|  38|0x0000000084000000, 0x0000000084000000, 0x0000000084100000|  0%| F|  |TAMS 0x0000000084000000| PB 0x0000000084000000| Untracked 
|  39|0x0000000084100000, 0x0000000084100000, 0x0000000084200000|  0%| F|  |TAMS 0x0000000084100000| PB 0x0000000084100000| Untracked 
|  40|0x0000000084200000, 0x0000000084200000, 0x0000000084300000|  0%| F|  |TAMS 0x0000000084200000| PB 0x0000000084200000| Untracked 
|  41|0x0000000084300000, 0x0000000084300000, 0x0000000084400000|  0%| F|  |TAMS 0x0000000084300000| PB 0x0000000084300000| Untracked 
|  42|0x0000000084400000, 0x0000000084400000, 0x0000000084500000|  0%| F|  |TAMS 0x0000000084400000| PB 0x0000000084400000| Untracked 
|  43|0x0000000084500000, 0x0000000084500000, 0x0000000084600000|  0%| F|  |TAMS 0x0000000084500000| PB 0x0000000084500000| Untracked 
|  44|0x0000000084600000, 0x0000000084600000, 0x0000000084700000|  0%| F|  |TAMS 0x0000000084600000| PB 0x0000000084600000| Untracked 
|  45|0x0000000084700000, 0x0000000084700000, 0x0000000084800000|  0%| F|  |TAMS 0x0000000084700000| PB 0x0000000084700000| Untracked 
|  46|0x0000000084800000, 0x0000000084800000, 0x0000000084900000|  0%| F|  |TAMS 0x0000000084800000| PB 0x0000000084800000| Untracked 
|  47|0x0000000084900000, 0x0000000084900000, 0x0000000084a00000|  0%| F|  |TAMS 0x0000000084900000| PB 0x0000000084900000| Untracked 
|  48|0x0000000084a00000, 0x0000000084a00000, 0x0000000084b00000|  0%| F|  |TAMS 0x0000000084a00000| PB 0x0000000084a00000| Untracked 
|  49|0x0000000084b00000, 0x0000000084b00000, 0x0000000084c00000|  0%| F|  |TAMS 0x0000000084b00000| PB 0x0000000084b00000| Untracked 
|  50|0x0000000084c00000, 0x0000000084c00000, 0x0000000084d00000|  0%| F|  |TAMS 0x0000000084c00000| PB 0x0000000084c00000| Untracked 
|  51|0x0000000084d00000, 0x0000000084d00000, 0x0000000084e00000|  0%| F|  |TAMS 0x0000000084d00000| PB 0x0000000084d00000| Untracked 
|  52|0x0000000084e00000, 0x0000000084e00000, 0x0000000084f00000|  0%| F|  |TAMS 0x0000000084e00000| PB 0x0000000084e00000| Untracked 
|  53|0x0000000084f00000, 0x0000000084f00000, 0x0000000085000000|  0%| F|  |TAMS 0x0000000084f00000| PB 0x0000000084f00000| Untracked 
|  54|0x0000000085000000, 0x0000000085000000, 0x0000000085100000|  0%| F|  |TAMS 0x0000000085000000| PB 0x0000000085000000| Untracked 
|  55|0x0000000085100000, 0x0000000085100000, 0x0000000085200000|  0%| F|  |TAMS 0x0000000085100000| PB 0x0000000085100000| Untracked 
|  56|0x0000000085200000, 0x0000000085200000, 0x0000000085300000|  0%| F|  |TAMS 0x0000000085200000| PB 0x0000000085200000| Untracked 
|  57|0x0000000085300000, 0x0000000085300000, 0x0000000085400000|  0%| F|  |TAMS 0x0000000085300000| PB 0x0000000085300000| Untracked 
|  58|0x0000000085400000, 0x0000000085400000, 0x0000000085500000|  0%| F|  |TAMS 0x0000000085400000| PB 0x0000000085400000| Untracked 
|  59|0x0000000085500000, 0x0000000085500000, 0x0000000085600000|  0%| F|  |TAMS 0x0000000085500000| PB 0x0000000085500000| Untracked 
|  60|0x0000000085600000, 0x0000000085600000, 0x0000000085700000|  0%| F|  |TAMS 0x0000000085600000| PB 0x0000000085600000| Untracked 
|  61|0x0000000085700000, 0x0000000085700000, 0x0000000085800000|  0%| F|  |TAMS 0x0000000085700000| PB 0x0000000085700000| Untracked 
|  62|0x0000000085800000, 0x0000000085800000, 0x0000000085900000|  0%| F|  |TAMS 0x0000000085800000| PB 0x0000000085800000| Untracked 
|  63|0x0000000085900000, 0x0000000085900000, 0x0000000085a00000|  0%| F|  |TAMS 0x0000000085900000| PB 0x0000000085900000| Untracked 
|  64|0x0000000085a00000, 0x0000000085a00000, 0x0000000085b00000|  0%| F|  |TAMS 0x0000000085a00000| PB 0x0000000085a00000| Untracked 
|  65|0x0000000085b00000, 0x0000000085b00000, 0x0000000085c00000|  0%| F|  |TAMS 0x0000000085b00000| PB 0x0000000085b00000| Untracked 
|  66|0x0000000085c00000, 0x0000000085c00000, 0x0000000085d00000|  0%| F|  |TAMS 0x0000000085c00000| PB 0x0000000085c00000| Untracked 
|  67|0x0000000085d00000, 0x0000000085d00000, 0x0000000085e00000|  0%| F|  |TAMS 0x0000000085d00000| PB 0x0000000085d00000| Untracked 
|  68|0x0000000085e00000, 0x0000000085e00000, 0x0000000085f00000|  0%| F|  |TAMS 0x0000000085e00000| PB 0x0000000085e00000| Untracked 
|  69|0x0000000085f00000, 0x0000000085f00000, 0x0000000086000000|  0%| F|  |TAMS 0x0000000085f00000| PB 0x0000000085f00000| Untracked 
|  70|0x0000000086000000, 0x0000000086000000, 0x0000000086100000|  0%| F|  |TAMS 0x0000000086000000| PB 0x0000000086000000| Untracked 
|  71|0x0000000086100000, 0x0000000086100000, 0x0000000086200000|  0%| F|  |TAMS 0x0000000086100000| PB 0x0000000086100000| Untracked 
|  72|0x0000000086200000, 0x0000000086200000, 0x0000000086300000|  0%| F|  |TAMS 0x0000000086200000| PB 0x0000000086200000| Untracked 
|  73|0x0000000086300000, 0x0000000086300000, 0x0000000086400000|  0%| F|  |TAMS 0x0000000086300000| PB 0x0000000086300000| Untracked 
|  74|0x0000000086400000, 0x0000000086400000, 0x0000000086500000|  0%| F|  |TAMS 0x0000000086400000| PB 0x0000000086400000| Untracked 
|  75|0x0000000086500000, 0x0000000086500000, 0x0000000086600000|  0%| F|  |TAMS 0x0000000086500000| PB 0x0000000086500000| Untracked 
|  76|0x0000000086600000, 0x0000000086600000, 0x0000000086700000|  0%| F|  |TAMS 0x0000000086600000| PB 0x0000000086600000| Untracked 
|  77|0x0000000086700000, 0x0000000086700000, 0x0000000086800000|  0%| F|  |TAMS 0x0000000086700000| PB 0x0000000086700000| Untracked 
|  78|0x0000000086800000, 0x0000000086800000, 0x0000000086900000|  0%| F|  |TAMS 0x0000000086800000| PB 0x0000000086800000| Untracked 
|  79|0x0000000086900000, 0x0000000086900000, 0x0000000086a00000|  0%| F|  |TAMS 0x0000000086900000| PB 0x0000000086900000| Untracked 
|  80|0x0000000086a00000, 0x0000000086a00000, 0x0000000086b00000|  0%| F|  |TAMS 0x0000000086a00000| PB 0x0000000086a00000| Untracked 
|  81|0x0000000086b00000, 0x0000000086b00000, 0x0000000086c00000|  0%| F|  |TAMS 0x0000000086b00000| PB 0x0000000086b00000| Untracked 
|  82|0x0000000086c00000, 0x0000000086ce17c0, 0x0000000086d00000| 88%| E|  |TAMS 0x0000000086c00000| PB 0x0000000086c00000| Complete 
|  83|0x0000000086d00000, 0x0000000086e00000, 0x0000000086e00000|100%| E|CS|TAMS 0x0000000086d00000| PB 0x0000000086d00000| Complete 
|  84|0x0000000086e00000, 0x0000000086f00000, 0x0000000086f00000|100%| E|CS|TAMS 0x0000000086e00000| PB 0x0000000086e00000| Complete 
|  85|0x0000000086f00000, 0x0000000087000000, 0x0000000087000000|100%| E|CS|TAMS 0x0000000086f00000| PB 0x0000000086f00000| Complete 
|  86|0x0000000087000000, 0x0000000087100000, 0x0000000087100000|100%| E|CS|TAMS 0x0000000087000000| PB 0x0000000087000000| Complete 
|  87|0x0000000087100000, 0x0000000087200000, 0x0000000087200000|100%| E|CS|TAMS 0x0000000087100000| PB 0x0000000087100000| Complete 
|  88|0x0000000087200000, 0x0000000087300000, 0x0000000087300000|100%| E|CS|TAMS 0x0000000087200000| PB 0x0000000087200000| Complete 
|  89|0x0000000087300000, 0x0000000087400000, 0x0000000087400000|100%| E|CS|TAMS 0x0000000087300000| PB 0x0000000087300000| Complete 
|  90|0x0000000087400000, 0x0000000087500000, 0x0000000087500000|100%| E|CS|TAMS 0x0000000087400000| PB 0x0000000087400000| Complete 
|  91|0x0000000087500000, 0x0000000087600000, 0x0000000087600000|100%| E|CS|TAMS 0x0000000087500000| PB 0x0000000087500000| Complete 
|  92|0x0000000087600000, 0x0000000087700000, 0x0000000087700000|100%| E|CS|TAMS 0x0000000087600000| PB 0x0000000087600000| Complete 
|  93|0x0000000087700000, 0x0000000087800000, 0x0000000087800000|100%| E|CS|TAMS 0x0000000087700000| PB 0x0000000087700000| Complete 
|  94|0x0000000087800000, 0x0000000087900000, 0x0000000087900000|100%| E|  |TAMS 0x0000000087800000| PB 0x0000000087800000| Complete 
|  95|0x0000000087900000, 0x0000000087a00000, 0x0000000087a00000|100%| E|CS|TAMS 0x0000000087900000| PB 0x0000000087900000| Complete 
|  96|0x0000000087a00000, 0x0000000087b00000, 0x0000000087b00000|100%| E|CS|TAMS 0x0000000087a00000| PB 0x0000000087a00000| Complete 
|  97|0x0000000087b00000, 0x0000000087c00000, 0x0000000087c00000|100%| S|CS|TAMS 0x0000000087b00000| PB 0x0000000087b00000| Complete 
|  98|0x0000000087c00000, 0x0000000087d00000, 0x0000000087d00000|100%| S|CS|TAMS 0x0000000087c00000| PB 0x0000000087c00000| Complete 
|  99|0x0000000087d00000, 0x0000000087e00000, 0x0000000087e00000|100%| S|CS|TAMS 0x0000000087d00000| PB 0x0000000087d00000| Complete 
| 100|0x0000000087e00000, 0x0000000087f00000, 0x0000000087f00000|100%| S|CS|TAMS 0x0000000087e00000| PB 0x0000000087e00000| Complete 
| 101|0x0000000087f00000, 0x0000000088000000, 0x0000000088000000|100%| E|CS|TAMS 0x0000000087f00000| PB 0x0000000087f00000| Complete 
| 102|0x0000000088000000, 0x0000000088100000, 0x0000000088100000|100%| E|CS|TAMS 0x0000000088000000| PB 0x0000000088000000| Complete 
| 103|0x0000000088100000, 0x0000000088200000, 0x0000000088200000|100%| E|CS|TAMS 0x0000000088100000| PB 0x0000000088100000| Complete 
| 104|0x0000000088200000, 0x0000000088300000, 0x0000000088300000|100%| E|CS|TAMS 0x0000000088200000| PB 0x0000000088200000| Complete 
| 105|0x0000000088300000, 0x0000000088400000, 0x0000000088400000|100%| E|CS|TAMS 0x0000000088300000| PB 0x0000000088300000| Complete 
| 106|0x0000000088400000, 0x0000000088500000, 0x0000000088500000|100%| E|CS|TAMS 0x0000000088400000| PB 0x0000000088400000| Complete 
| 107|0x0000000088500000, 0x0000000088600000, 0x0000000088600000|100%| E|CS|TAMS 0x0000000088500000| PB 0x0000000088500000| Complete 
| 108|0x0000000088600000, 0x0000000088700000, 0x0000000088700000|100%| E|CS|TAMS 0x0000000088600000| PB 0x0000000088600000| Complete 
| 109|0x0000000088700000, 0x0000000088800000, 0x0000000088800000|100%| E|CS|TAMS 0x0000000088700000| PB 0x0000000088700000| Complete 
| 110|0x0000000088800000, 0x0000000088900000, 0x0000000088900000|100%| E|CS|TAMS 0x0000000088800000| PB 0x0000000088800000| Complete 
| 111|0x0000000088900000, 0x0000000088a00000, 0x0000000088a00000|100%| E|CS|TAMS 0x0000000088900000| PB 0x0000000088900000| Complete 
| 112|0x0000000088a00000, 0x0000000088b00000, 0x0000000088b00000|100%| E|CS|TAMS 0x0000000088a00000| PB 0x0000000088a00000| Complete 
| 113|0x0000000088b00000, 0x0000000088c00000, 0x0000000088c00000|100%| E|CS|TAMS 0x0000000088b00000| PB 0x0000000088b00000| Complete 
| 114|0x0000000088c00000, 0x0000000088d00000, 0x0000000088d00000|100%| E|CS|TAMS 0x0000000088c00000| PB 0x0000000088c00000| Complete 
| 115|0x0000000088d00000, 0x0000000088e00000, 0x0000000088e00000|100%| E|CS|TAMS 0x0000000088d00000| PB 0x0000000088d00000| Complete 
| 116|0x0000000088e00000, 0x0000000088f00000, 0x0000000088f00000|100%| E|CS|TAMS 0x0000000088e00000| PB 0x0000000088e00000| Complete 
| 117|0x0000000088f00000, 0x0000000089000000, 0x0000000089000000|100%| E|CS|TAMS 0x0000000088f00000| PB 0x0000000088f00000| Complete 
| 118|0x0000000089000000, 0x0000000089100000, 0x0000000089100000|100%| E|CS|TAMS 0x0000000089000000| PB 0x0000000089000000| Complete 
| 119|0x0000000089100000, 0x0000000089200000, 0x0000000089200000|100%| E|CS|TAMS 0x0000000089100000| PB 0x0000000089100000| Complete 
| 120|0x0000000089200000, 0x0000000089300000, 0x0000000089300000|100%| E|CS|TAMS 0x0000000089200000| PB 0x0000000089200000| Complete 
| 121|0x0000000089300000, 0x0000000089400000, 0x0000000089400000|100%| E|CS|TAMS 0x0000000089300000| PB 0x0000000089300000| Complete 
| 122|0x0000000089400000, 0x0000000089500000, 0x0000000089500000|100%| E|CS|TAMS 0x0000000089400000| PB 0x0000000089400000| Complete 
| 123|0x0000000089500000, 0x0000000089600000, 0x0000000089600000|100%| E|CS|TAMS 0x0000000089500000| PB 0x0000000089500000| Complete 
| 124|0x0000000089600000, 0x0000000089700000, 0x0000000089700000|100%| E|CS|TAMS 0x0000000089600000| PB 0x0000000089600000| Complete 
| 125|0x0000000089700000, 0x0000000089800000, 0x0000000089800000|100%| E|CS|TAMS 0x0000000089700000| PB 0x0000000089700000| Complete 
| 126|0x0000000089800000, 0x0000000089900000, 0x0000000089900000|100%| E|CS|TAMS 0x0000000089800000| PB 0x0000000089800000| Complete 
| 127|0x0000000089900000, 0x0000000089a00000, 0x0000000089a00000|100%| E|CS|TAMS 0x0000000089900000| PB 0x0000000089900000| Complete 

Card table byte_map: [0x000001efaefc0000,0x000001efaf3c0000] _byte_map_base: 0x000001efaebb3000

Marking Bits: (CMBitMap*) 0x000001ef9779b2c0
 Bits: [0x000001efaf3c0000, 0x000001efb1358000)

Polling page: 0x000001ef958d0000

Metaspace:

Usage:
  Non-class:     16.07 MB used.
      Class:      2.07 MB used.
       Both:     18.14 MB used.

Virtual space:
  Non-class space:       64.00 MB reserved,      16.44 MB ( 26%) committed,  1 nodes.
      Class space:        1.00 GB reserved,       2.31 MB ( <1%) committed,  1 nodes.
             Both:        1.06 GB reserved,      18.75 MB (  2%) committed. 

Chunk freelists:
   Non-Class:  15.47 MB
       Class:  13.70 MB
        Both:  29.17 MB

MaxMetaspaceSize: unlimited
CompressedClassSpaceSize: 1.00 GB
Initial GC threshold: 21.00 MB
Current GC threshold: 21.00 MB
CDS: on
 - commit_granule_bytes: 65536.
 - commit_granule_words: 8192.
 - virtual_space_node_default_size: 8388608.
 - enlarge_chunks_in_place: 1.
 - use_allocation_guard: 0.


Internal statistics:

num_allocs_failed_limit: 0.
num_arena_births: 712.
num_arena_deaths: 0.
num_vsnodes_births: 2.
num_vsnodes_deaths: 0.
num_space_committed: 300.
num_space_uncommitted: 0.
num_chunks_returned_to_freelist: 0.
num_chunks_taken_from_freelist: 1373.
num_chunk_merges: 0.
num_chunk_splits: 849.
num_chunks_enlarged: 461.
num_inconsistent_stats: 0.

CodeHeap 'non-profiled nmethods': size=120000Kb used=1266Kb max_used=1266Kb free=118733Kb
 bounds [0x000001efa7690000, 0x000001efa7900000, 0x000001efaebc0000]
CodeHeap 'profiled nmethods': size=120000Kb used=6388Kb max_used=6388Kb free=113611Kb
 bounds [0x000001ef9fbc0000, 0x000001efa0200000, 0x000001efa70f0000]
CodeHeap 'non-nmethods': size=5760Kb used=2676Kb max_used=2720Kb free=3083Kb
 bounds [0x000001efa70f0000, 0x000001efa73a0000, 0x000001efa7690000]
 total_blobs=4001 nmethods=3185 adapters=720
 compilation: enabled
              stopped_count=0, restarted_count=0
 full_count=0

Compilation events (20 events):
Event: 6.962 Thread 0x000001efb3849df0 3116       3       org.codehaus.groovy.runtime.callsite.MetaMethodSite::<init> (18 bytes)
Event: 6.963 Thread 0x000001efb3849df0 nmethod 3116 0x000001efa01daf10 code [0x000001efa01db0c0, 0x000001efa01db398]
Event: 6.967 Thread 0x000001efb3849df0 3117       3       org.codehaus.groovy.runtime.typehandling.DefaultTypeTransformation::castToBoolean (39 bytes)
Event: 6.968 Thread 0x000001efb3849df0 nmethod 3117 0x000001efa01db490 code [0x000001efa01db660, 0x000001efa01dbac8]
Event: 6.968 Thread 0x000001efb3849df0 3119       3       org.codehaus.groovy.runtime.typehandling.DefaultTypeTransformation::booleanUnbox (5 bytes)
Event: 6.968 Thread 0x000001efb3849df0 nmethod 3119 0x000001efa01dbc10 code [0x000001efa01dbdc0, 0x000001efa01dbed8]
Event: 6.968 Thread 0x000001efb3849df0 3118   !   3       org.codehaus.groovy.runtime.callsite.PojoMetaMethodSite::checkCall (56 bytes)
Event: 6.971 Thread 0x000001efb3849df0 nmethod 3118 0x000001efa01dbf90 code [0x000001efa01dc1e0, 0x000001efa01dce78]
Event: 6.971 Thread 0x000001efb3849df0 3120       3       org.codehaus.groovy.runtime.typehandling.DefaultTypeTransformation::box (14 bytes)
Event: 6.971 Thread 0x000001efb3849df0 nmethod 3120 0x000001efa01dd390 code [0x000001efa01dd540, 0x000001efa01dd6b0]
Event: 6.971 Thread 0x000001efb3849df0 3121   !   3       org.codehaus.groovy.runtime.callsite.PojoMetaMethodSite::checkCall (56 bytes)
Event: 6.973 Thread 0x000001efb3849df0 nmethod 3121 0x000001efa01dd790 code [0x000001efa01dd9c0, 0x000001efa01de1c8]
Event: 7.030 Thread 0x000001efb3849df0 3124       3       com.sun.beans.introspect.PropertyInfo::add (30 bytes)
Event: 7.033 Thread 0x000001efb3849df0 nmethod 3124 0x000001efa01de590 code [0x000001efa01de820, 0x000001efa01df320]
Event: 7.039 Thread 0x000001efb3849df0 3126       3       com.sun.beans.util.Cache$Kind$Soft::isStale (14 bytes)
Event: 7.039 Thread 0x000001efb3849df0 nmethod 3126 0x000001efa01df710 code [0x000001efa01df8c0, 0x000001efa01dfad8]
Event: 7.052 Thread 0x000001efb3849df0 3127       3       groovy.lang.MetaClassImpl$$Lambda/0x000001efb5146778::apply (12 bytes)
Event: 7.054 Thread 0x000001efb3849df0 nmethod 3127 0x000001efa01dfb90 code [0x000001efa01dfdc0, 0x000001efa01e0498]
Event: 7.054 Thread 0x000001efb3849df0 3128       3       groovy.lang.MetaClassImpl::lambda$getPropName$21 (27 bytes)
Event: 7.055 Thread 0x000001efb3849df0 nmethod 3128 0x000001efa01e0790 code [0x000001efa01e09a0, 0x000001efa01e0ef8]

GC Heap History (6 events):
Event: 1.864 GC heap before
{Heap before GC invocations=0 (full 0):
 garbage-first heap   total 131072K, used 13312K [0x0000000081a00000, 0x0000000100000000)
  region size 1024K, 13 young (13312K), 0 survivors (0K)
 Metaspace       used 5381K, committed 5568K, reserved 1114112K
  class space    used 550K, committed 640K, reserved 1048576K
}
Event: 1.880 GC heap after
{Heap after GC invocations=1 (full 0):
 garbage-first heap   total 131072K, used 5503K [0x0000000081a00000, 0x0000000100000000)
  region size 1024K, 2 young (2048K), 2 survivors (2048K)
 Metaspace       used 5381K, committed 5568K, reserved 1114112K
  class space    used 550K, committed 640K, reserved 1048576K
}
Event: 3.070 GC heap before
{Heap before GC invocations=1 (full 0):
 garbage-first heap   total 131072K, used 16767K [0x0000000081a00000, 0x0000000100000000)
  region size 1024K, 13 young (13312K), 2 survivors (2048K)
 Metaspace       used 8788K, committed 9088K, reserved 1114112K
  class space    used 1008K, committed 1152K, reserved 1048576K
}
Event: 3.085 GC heap after
{Heap after GC invocations=2 (full 0):
 garbage-first heap   total 131072K, used 7165K [0x0000000081a00000, 0x0000000100000000)
  region size 1024K, 2 young (2048K), 2 survivors (2048K)
 Metaspace       used 8788K, committed 9088K, reserved 1114112K
  class space    used 1008K, committed 1152K, reserved 1048576K
}
Event: 5.112 GC heap before
{Heap before GC invocations=2 (full 0):
 garbage-first heap   total 131072K, used 34813K [0x0000000081a00000, 0x0000000100000000)
  region size 1024K, 27 young (27648K), 2 survivors (2048K)
 Metaspace       used 14704K, committed 15104K, reserved 1114112K
  class space    used 1560K, committed 1728K, reserved 1048576K
}
Event: 5.140 GC heap after
{Heap after GC invocations=3 (full 0):
 garbage-first heap   total 131072K, used 12263K [0x0000000081a00000, 0x0000000100000000)
  region size 1024K, 4 young (4096K), 4 survivors (4096K)
 Metaspace       used 14704K, committed 15104K, reserved 1114112K
  class space    used 1560K, committed 1728K, reserved 1048576K
}

Dll operation events (11 events):
Event: 0.023 Loaded shared library C:\Program Files\Java\jdk-21\bin\java.dll
Event: 0.134 Loaded shared library C:\Program Files\Java\jdk-21\bin\jsvml.dll
Event: 0.431 Loaded shared library C:\Program Files\Java\jdk-21\bin\zip.dll
Event: 0.443 Loaded shared library C:\Program Files\Java\jdk-21\bin\instrument.dll
Event: 0.460 Loaded shared library C:\Program Files\Java\jdk-21\bin\net.dll
Event: 0.464 Loaded shared library C:\Program Files\Java\jdk-21\bin\nio.dll
Event: 0.478 Loaded shared library C:\Program Files\Java\jdk-21\bin\zip.dll
Event: 0.511 Loaded shared library C:\Users\user\AppData\Local\JetBrains\IntelliJ IDEA Community Edition 2024.2.0.2\bin\breakgen64.dll
Event: 0.539 Loaded shared library C:\Program Files\Java\jdk-21\bin\extnet.dll
Event: 0.721 Loaded shared library C:\Program Files\Java\jdk-21\bin\verify.dll
Event: 0.741 Loaded shared library C:\Program Files\Java\jdk-21\bin\jimage.dll

Deoptimization events (20 events):
Event: 6.775 Thread 0x000001ef977442d0 DEOPT PACKING pc=0x000001efa77a94ec sp=0x0000004571cfa8c0
Event: 6.775 Thread 0x000001ef977442d0 DEOPT UNPACKING pc=0x000001efa71446a2 sp=0x0000004571cfa858 mode 2
Event: 6.784 Thread 0x000001ef977442d0 Uncommon trap: trap_request=0xffffffde fr.pc=0x000001efa77ab8e4 relative=0x00000000000010a4
Event: 6.784 Thread 0x000001ef977442d0 Uncommon trap: reason=class_check action=maybe_recompile pc=0x000001efa77ab8e4 method=java.util.regex.Pattern$Start.<init>(Ljava/util/regex/Pattern$Node;)V @ 22 c2
Event: 6.784 Thread 0x000001ef977442d0 DEOPT PACKING pc=0x000001efa77ab8e4 sp=0x0000004571cfab90
Event: 6.784 Thread 0x000001ef977442d0 DEOPT UNPACKING pc=0x000001efa71446a2 sp=0x0000004571cfaac0 mode 2
Event: 6.791 Thread 0x000001ef977442d0 Uncommon trap: trap_request=0xffffff45 fr.pc=0x000001efa779fca8 relative=0x00000000000001e8
Event: 6.791 Thread 0x000001ef977442d0 Uncommon trap: reason=unstable_if action=reinterpret pc=0x000001efa779fca8 method=java.util.regex.Matcher.reset()Ljava/util/regex/Matcher; @ 47 c2
Event: 6.791 Thread 0x000001ef977442d0 DEOPT PACKING pc=0x000001efa779fca8 sp=0x0000004571cfb000
Event: 6.791 Thread 0x000001ef977442d0 DEOPT UNPACKING pc=0x000001efa71446a2 sp=0x0000004571cfaf88 mode 2
Event: 6.791 Thread 0x000001ef977442d0 Uncommon trap: trap_request=0xffffff45 fr.pc=0x000001efa779f74c relative=0x00000000000000ac
Event: 6.791 Thread 0x000001ef977442d0 Uncommon trap: reason=unstable_if action=reinterpret pc=0x000001efa779f74c method=java.util.regex.Pattern$LastNode.match(Ljava/util/regex/Matcher;ILjava/lang/CharSequence;)Z @ 5 c2
Event: 6.791 Thread 0x000001ef977442d0 DEOPT PACKING pc=0x000001efa779f74c sp=0x0000004571cfae50
Event: 6.791 Thread 0x000001ef977442d0 DEOPT UNPACKING pc=0x000001efa71446a2 sp=0x0000004571cfade8 mode 2
Event: 6.808 Thread 0x000001ef977442d0 Uncommon trap: trap_request=0xffffff45 fr.pc=0x000001efa7742654 relative=0x0000000000000054
Event: 6.808 Thread 0x000001ef977442d0 Uncommon trap: reason=unstable_if action=reinterpret pc=0x000001efa7742654 method=java.lang.CharacterData.of(I)Ljava/lang/CharacterData; @ 4 c2
Event: 6.808 Thread 0x000001ef977442d0 DEOPT PACKING pc=0x000001efa7742654 sp=0x0000004571cfb860
Event: 6.808 Thread 0x000001ef977442d0 DEOPT UNPACKING pc=0x000001efa71446a2 sp=0x0000004571cfb7f8 mode 2
Event: 6.974 Thread 0x000001ef977442d0 DEOPT PACKING pc=0x000001efa0010be3 sp=0x0000004571cf70d0
Event: 6.974 Thread 0x000001ef977442d0 DEOPT UNPACKING pc=0x000001efa7144e42 sp=0x0000004571cf65d8 mode 0

Classes loaded (20 events):
Event: 6.925 Loading class java/util/Collections$UnmodifiableCollectionCustomizer
Event: 6.925 Loading class java/util/Collections$UnmodifiableCollectionCustomizer done
Event: 6.925 Loading class java/util/Collections$UnmodifiableCollectionCustomizer
Event: 6.925 Loading class java/util/Collections$UnmodifiableCollectionCustomizer done
Event: 6.930 Loading class java/util/Collections$UnmodifiableListCustomizer
Event: 6.930 Loading class java/util/Collections$UnmodifiableListCustomizer done
Event: 6.930 Loading class java/util/Collections$UnmodifiableListCustomizer
Event: 6.930 Loading class java/util/Collections$UnmodifiableListCustomizer done
Event: 6.935 Loading class java/util/Collections$UnmodifiableRandomAccessListCustomizer
Event: 6.935 Loading class java/util/Collections$UnmodifiableRandomAccessListCustomizer done
Event: 6.935 Loading class java/util/Collections$UnmodifiableRandomAccessListCustomizer
Event: 6.935 Loading class java/util/Collections$UnmodifiableRandomAccessListCustomizer done
Event: 6.953 Loading class java/lang/MathBeanInfo
Event: 6.953 Loading class java/lang/MathBeanInfo done
Event: 6.953 Loading class java/lang/MathBeanInfo
Event: 6.953 Loading class java/lang/MathBeanInfo done
Event: 6.953 Loading class java/lang/MathCustomizer
Event: 6.953 Loading class java/lang/MathCustomizer done
Event: 6.953 Loading class java/lang/MathCustomizer
Event: 6.953 Loading class java/lang/MathCustomizer done

Classes unloaded (0 events):
No events

Classes redefined (0 events):
No events

Internal exceptions (20 events):
Event: 6.887 Thread 0x000001ef977442d0 Exception <a 'java/lang/ClassNotFoundException'{0x0000000087029b38}: java/util/HashSetCustomizer> (0x0000000087029b38) 
thrown [s\open\src\hotspot\share\classfile\systemDictionary.cpp, line 312]
Event: 6.892 Thread 0x000001ef977442d0 Exception <a 'java/lang/ClassNotFoundException'{0x00000000870564f8}: java/util/LinkedHashSetCustomizer> (0x00000000870564f8) 
thrown [s\open\src\hotspot\share\classfile\systemDictionary.cpp, line 312]
Event: 6.901 Thread 0x000001ef977442d0 Exception <a 'java/lang/ClassNotFoundException'{0x000000008707e628}: java/util/regex/MatcherBeanInfo> (0x000000008707e628) 
thrown [s\open\src\hotspot\share\classfile\systemDictionary.cpp, line 312]
Event: 6.902 Thread 0x000001ef977442d0 Exception <a 'java/lang/ClassNotFoundException'{0x0000000087080888}: java/util/regex/MatcherCustomizer> (0x0000000087080888) 
thrown [s\open\src\hotspot\share\classfile\systemDictionary.cpp, line 312]
Event: 6.923 Thread 0x000001ef977442d0 Exception <a 'java/lang/ClassNotFoundException'{0x00000000870ce448}: java/util/Collections$UnmodifiableRandomAccessListBeanInfo> (0x00000000870ce448) 
thrown [s\open\src\hotspot\share\classfile\systemDictionary.cpp, line 312]
Event: 6.924 Thread 0x000001ef977442d0 Exception <a 'java/lang/ClassNotFoundException'{0x00000000870d0710}: java/util/Collections$UnmodifiableListBeanInfo> (0x00000000870d0710) 
thrown [s\open\src\hotspot\share\classfile\systemDictionary.cpp, line 312]
Event: 6.924 Thread 0x000001ef977442d0 Exception <a 'java/lang/ClassNotFoundException'{0x00000000870d29e8}: java/util/Collections$UnmodifiableCollectionBeanInfo> (0x00000000870d29e8) 
thrown [s\open\src\hotspot\share\classfile\systemDictionary.cpp, line 312]
Event: 6.925 Thread 0x000001ef977442d0 Exception <a 'java/lang/ClassNotFoundException'{0x00000000870d4c98}: java/util/Collections$UnmodifiableCollectionCustomizer> (0x00000000870d4c98) 
thrown [s\open\src\hotspot\share\classfile\systemDictionary.cpp, line 312]
Event: 6.930 Thread 0x000001ef977442d0 Exception <a 'java/lang/ClassNotFoundException'{0x00000000870f98d8}: java/util/Collections$UnmodifiableListCustomizer> (0x00000000870f98d8) 
thrown [s\open\src\hotspot\share\classfile\systemDictionary.cpp, line 312]
Event: 6.935 Thread 0x000001ef977442d0 Exception <a 'java/lang/ClassNotFoundException'{0x0000000086f394b8}: java/util/Collections$UnmodifiableRandomAccessListCustomizer> (0x0000000086f394b8) 
thrown [s\open\src\hotspot\share\classfile\systemDictionary.cpp, line 312]
Event: 6.953 Thread 0x000001ef977442d0 Exception <a 'java/lang/ClassNotFoundException'{0x0000000086f68968}: java/lang/MathBeanInfo> (0x0000000086f68968) 
thrown [s\open\src\hotspot\share\classfile\systemDictionary.cpp, line 312]
Event: 6.953 Thread 0x000001ef977442d0 Exception <a 'java/lang/ClassNotFoundException'{0x0000000086f6ab98}: java/lang/MathCustomizer> (0x0000000086f6ab98) 
thrown [s\open\src\hotspot\share\classfile\systemDictionary.cpp, line 312]
Event: 7.013 Thread 0x000001ef977442d0 Exception <a 'java/lang/ClassNotFoundException'{0x0000000086e294e8}: org/apache/http/impl/client/DefaultHttpClientBeanInfo> (0x0000000086e294e8) 
thrown [s\open\src\hotspot\share\classfile\systemDictionary.cpp, line 312]
Event: 7.015 Thread 0x000001ef977442d0 Exception <a 'java/lang/ClassNotFoundException'{0x0000000086e2e598}: org/apache/http/impl/client/AbstractHttpClientBeanInfo> (0x0000000086e2e598) 
thrown [s\open\src\hotspot\share\classfile\systemDictionary.cpp, line 312]
Event: 7.017 Thread 0x000001ef977442d0 Exception <a 'java/lang/ClassNotFoundException'{0x0000000086e33708}: org/apache/http/impl/client/CloseableHttpClientBeanInfo> (0x0000000086e33708) 
thrown [s\open\src\hotspot\share\classfile\systemDictionary.cpp, line 312]
Event: 7.024 Thread 0x000001ef977442d0 Exception <a 'java/lang/ClassNotFoundException'{0x0000000086e38888}: org/apache/http/impl/client/CloseableHttpClientCustomizer> (0x0000000086e38888) 
thrown [s\open\src\hotspot\share\classfile\systemDictionary.cpp, line 312]
Event: 7.027 Thread 0x000001ef977442d0 Exception <a 'java/lang/ClassNotFoundException'{0x0000000086e4f6b0}: org/apache/http/impl/client/AbstractHttpClientCustomizer> (0x0000000086e4f6b0) 
thrown [s\open\src\hotspot\share\classfile\systemDictionary.cpp, line 312]
Event: 7.038 Thread 0x000001ef977442d0 Exception <a 'java/lang/ClassNotFoundException'{0x0000000086e7f0b8}: org/apache/http/impl/client/DefaultHttpClientCustomizer> (0x0000000086e7f0b8) 
thrown [s\open\src\hotspot\share\classfile\systemDictionary.cpp, line 312]
Event: 7.058 Thread 0x000001ef977442d0 Exception <a 'java/lang/ClassNotFoundException'{0x0000000086ea8ac0}: io/restassured/internal/ResponseParserRegistrarBeanInfo> (0x0000000086ea8ac0) 
thrown [s\open\src\hotspot\share\classfile\systemDictionary.cpp, line 312]
Event: 7.061 Thread 0x000001ef977442d0 Exception <a 'java/lang/ClassNotFoundException'{0x0000000086eadc20}: io/restassured/internal/ResponseParserRegistrarCustomizer> (0x0000000086eadc20) 
thrown [s\open\src\hotspot\share\classfile\systemDictionary.cpp, line 312]

ZGC Phase Switch (0 events):
No events

VM Operations (20 events):
Event: 2.846 Executing VM operation: HandshakeAllThreads (Deoptimize)
Event: 2.846 Executing VM operation: HandshakeAllThreads (Deoptimize) done
Event: 3.070 Executing VM operation: G1CollectForAllocation (G1 Evacuation Pause)
Event: 3.085 Executing VM operation: G1CollectForAllocation (G1 Evacuation Pause) done
Event: 4.016 Executing VM operation: HandshakeAllThreads (Deoptimize)
Event: 4.016 Executing VM operation: HandshakeAllThreads (Deoptimize) done
Event: 4.346 Executing VM operation: ICBufferFull
Event: 4.346 Executing VM operation: ICBufferFull done
Event: 5.111 Executing VM operation: G1CollectForAllocation (G1 Evacuation Pause)
Event: 5.140 Executing VM operation: G1CollectForAllocation (G1 Evacuation Pause) done
Event: 5.954 Executing VM operation: HandshakeAllThreads (Deoptimize)
Event: 5.954 Executing VM operation: HandshakeAllThreads (Deoptimize) done
Event: 5.978 Executing VM operation: HandshakeAllThreads (Deoptimize)
Event: 5.980 Executing VM operation: HandshakeAllThreads (Deoptimize) done
Event: 6.446 Executing VM operation: ICBufferFull
Event: 6.446 Executing VM operation: ICBufferFull done
Event: 6.770 Executing VM operation: HandshakeAllThreads (Deoptimize)
Event: 6.770 Executing VM operation: HandshakeAllThreads (Deoptimize) done
Event: 6.772 Executing VM operation: HandshakeAllThreads (Deoptimize)
Event: 6.772 Executing VM operation: HandshakeAllThreads (Deoptimize) done

Events (20 events):
Event: 0.126 Thread 0x000001efb382c560 Thread added: 0x000001efb382c560
Event: 0.127 Thread 0x000001efb382f340 Thread added: 0x000001efb382f340
Event: 0.128 Thread 0x000001efb383fff0 Thread added: 0x000001efb383fff0
Event: 0.128 Thread 0x000001efb3842a60 Thread added: 0x000001efb3842a60
Event: 0.128 Thread 0x000001efb38434c0 Thread added: 0x000001efb38434c0
Event: 0.128 Thread 0x000001efb38441a0 Thread added: 0x000001efb38441a0
Event: 0.129 Thread 0x000001efb3844f30 Thread added: 0x000001efb3844f30
Event: 0.129 Thread 0x000001efb3849df0 Thread added: 0x000001efb3849df0
Event: 0.348 Thread 0x000001efb37fb880 Thread added: 0x000001efb37fb880
Event: 0.513 Thread 0x000001efb3b8bfe0 Thread added: 0x000001efb3b8bfe0
Event: 0.513 Thread 0x000001efb3b8c650 Thread added: 0x000001efb3b8c650
Event: 0.975 Thread 0x000001eff902e0f0 Thread added: 0x000001eff902e0f0
Event: 1.932 Thread 0x000001eff902e0f0 Thread exited: 0x000001eff902e0f0
Event: 1.997 Thread 0x000001eff98070b0 Thread added: 0x000001eff98070b0
Event: 2.560 Thread 0x000001eff9729620 Thread added: 0x000001eff9729620
Event: 2.589 Thread 0x000001eff97f6150 Thread added: 0x000001eff97f6150
Event: 2.674 Thread 0x000001eff98070b0 Thread exited: 0x000001eff98070b0
Event: 2.934 Thread 0x000001eff9918890 Thread added: 0x000001eff9918890
Event: 3.652 Thread 0x000001eff9918890 Thread exited: 0x000001eff9918890
Event: 5.163 Thread 0x000001effa0b6850 Thread added: 0x000001effa0b6850


Dynamic libraries:
0x00007ff77c460000 - 0x00007ff77c470000 	C:\Program Files\Java\jdk-21\bin\java.exe
0x00007fff55bd0000 - 0x00007fff55dc8000 	C:\Windows\SYSTEM32\ntdll.dll
0x00007fff55660000 - 0x00007fff55722000 	C:\Windows\System32\KERNEL32.DLL
0x00007fff53610000 - 0x00007fff5390e000 	C:\Windows\System32\KERNELBASE.dll
0x00007fff53aa0000 - 0x00007fff53ba0000 	C:\Windows\System32\ucrtbase.dll
0x00007fff4c940000 - 0x00007fff4c95b000 	C:\Program Files\Java\jdk-21\bin\VCRUNTIME140.dll
0x00007fff4dc00000 - 0x00007fff4dc19000 	C:\Program Files\Java\jdk-21\bin\jli.dll
0x00007fff54af0000 - 0x00007fff54ba1000 	C:\Windows\System32\ADVAPI32.dll
0x00007fff553b0000 - 0x00007fff5544e000 	C:\Windows\System32\msvcrt.dll
0x00007fff54810000 - 0x00007fff548af000 	C:\Windows\System32\sechost.dll
0x00007fff54960000 - 0x00007fff54a83000 	C:\Windows\System32\RPCRT4.dll
0x00007fff53540000 - 0x00007fff53567000 	C:\Windows\System32\bcrypt.dll
0x00007fff53c00000 - 0x00007fff53d9d000 	C:\Windows\System32\USER32.dll
0x00007fff53480000 - 0x00007fff534a2000 	C:\Windows\System32\win32u.dll
0x00007fff429e0000 - 0x00007fff42c7a000 	C:\Windows\WinSxS\amd64_microsoft.windows.common-controls_6595b64144ccf1df_6.0.19041.4355_none_60b8b9eb71f62e16\COMCTL32.dll
0x00007fff55b60000 - 0x00007fff55b8b000 	C:\Windows\System32\GDI32.dll
0x00007fff53980000 - 0x00007fff53a97000 	C:\Windows\System32\gdi32full.dll
0x00007fff53570000 - 0x00007fff5360d000 	C:\Windows\System32\msvcp_win.dll
0x00007fff42920000 - 0x00007fff4292a000 	C:\Windows\SYSTEM32\VERSION.dll
0x00007fff542a0000 - 0x00007fff542cf000 	C:\Windows\System32\IMM32.DLL
0x00007fff4dbf0000 - 0x00007fff4dbfc000 	C:\Program Files\Java\jdk-21\bin\vcruntime140_1.dll
0x00007fff3fbe0000 - 0x00007fff3fc6e000 	C:\Program Files\Java\jdk-21\bin\msvcp140.dll
0x00007fff0e2e0000 - 0x00007fff0eff3000 	C:\Program Files\Java\jdk-21\bin\server\jvm.dll
0x00007fff54330000 - 0x00007fff5439b000 	C:\Windows\System32\WS2_32.dll
0x00007fff530d0000 - 0x00007fff5311b000 	C:\Windows\SYSTEM32\POWRPROF.dll
0x00007fff42db0000 - 0x00007fff42dd7000 	C:\Windows\SYSTEM32\WINMM.dll
0x00007fff530b0000 - 0x00007fff530c2000 	C:\Windows\SYSTEM32\UMPDC.dll
0x00007fff51a90000 - 0x00007fff51aa2000 	C:\Windows\SYSTEM32\kernel.appcore.dll
0x00007fff4db50000 - 0x00007fff4db5a000 	C:\Program Files\Java\jdk-21\bin\jimage.dll
0x00007fff50fe0000 - 0x00007fff511c4000 	C:\Windows\SYSTEM32\DBGHELP.DLL
0x00007fff3c9a0000 - 0x00007fff3c9d4000 	C:\Windows\SYSTEM32\dbgcore.DLL
0x00007fff534b0000 - 0x00007fff53532000 	C:\Windows\System32\bcryptPrimitives.dll
0x00007fff4c8f0000 - 0x00007fff4c8ff000 	C:\Program Files\Java\jdk-21\bin\instrument.dll
0x00007fff4c920000 - 0x00007fff4c93f000 	C:\Program Files\Java\jdk-21\bin\java.dll
0x00007fff54bb0000 - 0x00007fff5531d000 	C:\Windows\System32\SHELL32.dll
0x00007fff511f0000 - 0x00007fff51994000 	C:\Windows\SYSTEM32\windows.storage.dll
0x00007fff55800000 - 0x00007fff55b53000 	C:\Windows\System32\combase.dll
0x00007fff52bd0000 - 0x00007fff52bfe000 	C:\Windows\SYSTEM32\Wldp.dll
0x00007fff54130000 - 0x00007fff541fd000 	C:\Windows\System32\OLEAUT32.dll
0x00007fff548b0000 - 0x00007fff5495d000 	C:\Windows\System32\SHCORE.dll
0x00007fff55790000 - 0x00007fff557e5000 	C:\Windows\System32\shlwapi.dll
0x00007fff531a0000 - 0x00007fff531c4000 	C:\Windows\SYSTEM32\profapi.dll
0x00007fff3fb00000 - 0x00007fff3fbd7000 	C:\Program Files\Java\jdk-21\bin\jsvml.dll
0x00007fff4c410000 - 0x00007fff4c428000 	C:\Program Files\Java\jdk-21\bin\zip.dll
0x00007fff4c8e0000 - 0x00007fff4c8f0000 	C:\Program Files\Java\jdk-21\bin\net.dll
0x00007fff49a90000 - 0x00007fff49b9d000 	C:\Windows\SYSTEM32\WINHTTP.dll
0x00007fff52930000 - 0x00007fff5299a000 	C:\Windows\system32\mswsock.dll
0x00007fff4c8c0000 - 0x00007fff4c8d6000 	C:\Program Files\Java\jdk-21\bin\nio.dll
0x00007fff4bfa0000 - 0x00007fff4bfba000 	C:\Users\user\AppData\Local\JetBrains\IntelliJ IDEA Community Edition 2024.2.0.2\bin\breakgen64.dll
0x00007fff4c3c0000 - 0x00007fff4c3c9000 	C:\Program Files\Java\jdk-21\bin\extnet.dll
0x00007fff48260000 - 0x00007fff48270000 	C:\Program Files\Java\jdk-21\bin\verify.dll
0x00007fff52b30000 - 0x00007fff52b48000 	C:\Windows\SYSTEM32\CRYPTSP.dll
0x00007fff52250000 - 0x00007fff52284000 	C:\Windows\system32\rsaenh.dll
0x00007fff53160000 - 0x00007fff5318e000 	C:\Windows\SYSTEM32\USERENV.dll
0x00007fff52b20000 - 0x00007fff52b2c000 	C:\Windows\SYSTEM32\CRYPTBASE.dll
0x00007fff52610000 - 0x00007fff5264b000 	C:\Windows\SYSTEM32\IPHLPAPI.DLL
0x00007fff53bf0000 - 0x00007fff53bf8000 	C:\Windows\System32\NSI.dll
0x00007fff42760000 - 0x00007fff4276e000 	C:\Program Files\Java\jdk-21\bin\sunmscapi.dll
0x00007fff53320000 - 0x00007fff5347c000 	C:\Windows\System32\CRYPT32.dll
0x00007fff52c40000 - 0x00007fff52c67000 	C:\Windows\SYSTEM32\ncrypt.dll
0x00007fff52c00000 - 0x00007fff52c3b000 	C:\Windows\SYSTEM32\NTASN1.dll

dbghelp: loaded successfully - version: 4.0.5 - missing functions: none
symbol engine: initialized successfully - sym options: 0x614 - pdb path: .;C:\Program Files\Java\jdk-21\bin;C:\Windows\SYSTEM32;C:\Windows\WinSxS\amd64_microsoft.windows.common-controls_6595b64144ccf1df_6.0.19041.4355_none_60b8b9eb71f62e16;C:\Program Files\Java\jdk-21\bin\server;C:\Users\user\AppData\Local\JetBrains\IntelliJ IDEA Community Edition 2024.2.0.2\bin

VM Arguments:
jvm_args: -ea --enable-preview -Didea.test.cyclic.buffer.size=1048576 -javaagent:C:\Users\user\AppData\Local\JetBrains\IntelliJ IDEA Community Edition 2024.2.0.2\lib\idea_rt.jar=50934:C:\Users\user\AppData\Local\JetBrains\IntelliJ IDEA Community Edition 2024.2.0.2\bin -Dfile.encoding=UTF-8 -Dsun.stdout.encoding=UTF-8 -Dsun.stderr.encoding=UTF-8 
java_command: com.intellij.rt.testng.RemoteTestNGStarter -usedefaultlisteners false -socket50933 @w@C:\Users\user\AppData\Local\Temp\idea_working_dirs_testng.tmp -temp C:\Users\user\AppData\Local\Temp\idea_testng.tmp
java_class_path (initial): C:\Users\user\AppData\Local\JetBrains\IntelliJ IDEA Community Edition 2024.2.0.2\lib\idea_rt.jar;C:\Users\user\AppData\Local\JetBrains\IntelliJ IDEA Community Edition 2024.2.0.2\plugins\testng\lib\testng-rt.jar;C:\Users\user\Documents\GitHub\BookingProject\BookingAPIProject\target\test-classes;C:\Users\user\Documents\GitHub\BookingProject\BookingAPIProject\target\classes;C:\Users\user\.m2\repository\io\rest-assured\rest-assured\5.4.0\rest-assured-5.4.0.jar;C:\Users\user\.m2\repository\org\apache\groovy\groovy\4.0.16\groovy-4.0.16.jar;C:\Users\user\.m2\repository\org\apache\groovy\groovy-xml\4.0.16\groovy-xml-4.0.16.jar;C:\Users\user\.m2\repository\org\apache\httpcomponents\httpclient\4.5.13\httpclient-4.5.13.jar;C:\Users\user\.m2\repository\org\apache\httpcomponents\httpcore\4.4.13\httpcore-4.4.13.jar;C:\Users\user\.m2\repository\commons-logging\commons-logging\1.2\commons-logging-1.2.jar;C:\Users\user\.m2\repository\commons-codec\commons-codec\1.11\commons-codec-1.11.jar;C:\Users\user\.m2\repository\org\apache\httpcomponents\httpmime\4.5.13\httpmime-4.5.13.jar;C:\Users\user\.m2\repository\org\hamcrest\hamcrest\2.2\hamcrest-2.2.jar;C:\Users\user\.m2\repository\org\ccil\cowan\tagsoup\tagsoup\1.2.1\tagsoup-1.2.1.jar;C:\Users\user\.m2\repository\io\rest-assured\xml-path\5.4.0\xml-path-5.4.0.jar;C:\Users\user\.m2\repository\org\apache\commons\commons-lang3\3.11\commons-lang3-3.11.jar;C:\Users\user\.m2\repository\org\testng\testng\7.10.2\testng-7.10.2.jar;C:\Users\user\.m2\repository\org\slf4j\slf4j-api\1.7.36\slf4j-api-1.7.36.jar;C:\Users\user\.m2\repository\com\beust\jcommander\1.82\jcommander-1.82.jar;C:\Users\user\.m2\repository\org\webjars\jquery\3.7.1\jquery-3.7.1.jar;C:\Users\user\.m2\repository\io\rest-assured\json-schema-validator\5.4.0\json-schema-validator-5.4.0.jar;C:\Users\user\.m2\repository\com\github\java-json-tools\json-schema-validator\2.2.14\json-schema-validator-2.2.14.jar;C:\Users\user\.m2\repository\com\github\java-json-tools\jackson-coreutils-equivalence\1.0\jackson-coreutils-equivalence-1.0.jar;C:\Users\user\.m2\repository\com\github\java-json-tools\jackson-coreutils\2.0\jackson-coreutils-2.0.jar;C:\Users\user\.m2\repository\com\github\java-json-tools\msg-simple\1.2\msg-simple-1.2.jar;C:\Users\user\.m2\repository\com\github\java-json-tools\btf\1.3\btf-1.3.jar;C:\Users\user\.m2\repository\com\github\java-json-tools\json-schema-core\1.2.14\json-schema-core-1.2.14.jar;C:\Users\user\.m2\repository\com\github\java-json-tools\uri-template\0.10\uri-template-0.10.jar;C:\Users\user\.m2\repository\org\mozilla\rhino\1.7.7.2\rhino-1.7.7.2.jar;C:\Users\user\.m2\repository\com\sun\mail\mailapi\1.6.2\mailapi-1.6.2.jar;C:\Users\user\.m2\repository\joda-time\joda-time\2.10.5\joda-time-2.10.5.jar;C:\Users\user\.m2\repository\com\googlecode\libphonenumber\libphonenumber\8.11.1\libphonenumber-8.11.1.jar;C:\Users\user\.m2\repository\com\google\code\findbugs\jsr305\3.0.2\jsr305-3.0.2.jar;C:\Users\user\.m2\repository\net\sf\jopt-simple\jopt-simple\5.0.4\jopt-simple-5.0.4.jar;C:\Users\user\.m2\repository\com\google\guava\guava\32.0.1-jre\guava-32.0.1-jre.jar;C:\Users\user\.m2\repository\com\google\guava\failureaccess\1.0.1\failureaccess-1.0.1.jar;C:\Users\user\.m2\repository\com\google\guava\listenablefuture\9999.0-empty-to-avoid-conflict-with-guava\listenablefuture-9999.0-empty-to-avoid-conflict-with-guava.jar;C:\Users\user\.m2\repository\org\checkerframework\checker-qual\3.33.0\checker-qual-3.33.0.jar;C:\Users\user\.m2\repository\com\google\errorprone\error_prone_annotations\2.18.0\error_prone_annotations-2.18.0.jar;C:\Users\user\.m2\repository\com\google\j2objc\j2objc-annotations\2.8\j2objc-annotations-2.8.jar;C:\Users\user\.m2\repository\io\rest-assured\json-path\5.4.0\json-path-5.4.0.jar;C:\Users\user\.m2\repository\org\apache\groovy\groovy-json\4.0.16\groovy-json-4.0.16.jar;C:\Users\user\.m2\repository\io\rest-assured\rest-assured-common\5.4.0\rest-assured-common-5.4.0.jar;C:\Users\user\.m2\repository\com\google\code\gson\gson\2.10.1\gson-2.10.1.jar;C:\Users\user\.m2\repository\com\aventstack\extentreports\5.1.1\extentreports-5.1.1.jar;C:\Users\user\.m2\repository\io\reactivex\rxjava3\rxjava\3.1.6\rxjava-3.1.6.jar;C:\Users\user\.m2\repository\org\reactivestreams\reactive-streams\1.0.4\reactive-streams-1.0.4.jar;C:\Users\user\.m2\repository\org\freemarker\freemarker\2.3.32\freemarker-2.3.32.jar;C:\Users\user\.m2\repository\org\projectlombok\lombok\1.18.26\lombok-1.18.26.jar;C:\Users\user\.m2\repository\com\fasterxml\jackson\core\jackson-databind\2.18.2\jackson-databind-2.18.2.jar;C:\Users\user\.m2\repository\com\fasterxml\jackson\core\jackson-annotations\2.18.2\jackson-annotations-2.18.2.jar;C:\Users\user\.m2\repository\com\fasterxml\jackson\core\jackson-core\2.18.2\jackson-core-2.18.2.jar;C:\Users\user\.m2\repository\ch\qos\logback\logback-classic\1.2.11\logback-classic-1.2.11.jar;C:\Users\user\.m2\repository\ch\qos\logback\logback-core\1.2.11\logback-core-1.2.11.jar;C:\Users\user\.m2\repository\junit\junit\4.13.2\junit-4.13.2.jar;C:\Users\user\.m2\repository\org\hamcrest\hamcrest-core\1.3\hamcrest-core-1.3.jar;C:\Users\user\.m2\repository\org\junit\jupiter\junit-jupiter-api\5.7.2\junit-jupiter-api-5.7.2.jar;C:\Users\user\.m2\repository\org\apiguardian\apiguardian-api\1.1.0\apiguardian-api-1.1.0.jar;C:\Users\user\.m2\repository\org\opentest4j\opentest4j\1.2.0\opentest4j-1.2.0.jar;C:\Users\user\.m2\repository\org\junit\platform\junit-platform-commons\1.7.2\junit-platform-commons-1.7.2.jar
Launcher Type: SUN_STANDARD

[Global flags]
     intx CICompilerCount                          = 3                                         {product} {ergonomic}
     uint ConcGCThreads                            = 1                                         {product} {ergonomic}
     uint G1ConcRefinementThreads                  = 4                                         {product} {ergonomic}
   size_t G1HeapRegionSize                         = 1048576                                   {product} {ergonomic}
    uintx GCDrainStackTargetSize                   = 64                                        {product} {ergonomic}
   size_t InitialHeapSize                          = 134217728                                 {product} {ergonomic}
   size_t MarkStackSize                            = 4194304                                   {product} {ergonomic}
   size_t MaxHeapSize                              = 2120220672                                {product} {ergonomic}
   size_t MaxNewSize                               = 1271922688                                {product} {ergonomic}
   size_t MinHeapDeltaBytes                        = 1048576                                   {product} {ergonomic}
   size_t MinHeapSize                              = 8388608                                   {product} {ergonomic}
    uintx NonNMethodCodeHeapSize                   = 5832780                                {pd product} {ergonomic}
    uintx NonProfiledCodeHeapSize                  = 122912730                              {pd product} {ergonomic}
    uintx ProfiledCodeHeapSize                     = 122912730                              {pd product} {ergonomic}
    uintx ReservedCodeCacheSize                    = 251658240                              {pd product} {ergonomic}
     bool SegmentedCodeCache                       = true                                      {product} {ergonomic}
   size_t SoftMaxHeapSize                          = 2120220672                             {manageable} {ergonomic}
     bool UseCompressedOops                        = true                           {product lp64_product} {ergonomic}
     bool UseG1GC                                  = true                                      {product} {ergonomic}
     bool UseLargePagesIndividualAllocation        = false                                  {pd product} {ergonomic}

Logging:
Log output configuration:
 #0: stdout all=warning uptime,level,tags foldmultilines=false
 #1: stderr all=off uptime,level,tags foldmultilines=false

Environment Variables:
JAVA_HOME=C:\Program Files\Java\jdk-22
PATH=C:\Program Files\Common Files\Oracle\Java\javapath;C:\Windows\system32;C:\Windows;C:\Windows\System32\Wbem;C:\Windows\System32\WindowsPowerShell\v1.0\;C:\Windows\System32\OpenSSH\;C:\Program Files\Java\jdk-22\bin;C:\Maven\apache-maven-3.9.9-bin\apache-maven-3.9.9\bin;C:\Users\user\AppData\Local\Microsoft\WindowsApps;C:\Users\user\AppData\Local\GitHubDesktop\bin
USERNAME=user
OS=Windows_NT
PROCESSOR_IDENTIFIER=Intel64 Family 6 Model 61 Stepping 4, GenuineIntel
TMP=C:\Users\user\AppData\Local\Temp
TEMP=C:\Users\user\AppData\Local\Temp




Periodic native trim disabled

---------------  S Y S T E M  ---------------

OS:
 Windows 10 , 64 bit Build 19041 (10.0.19041.5198)
OS uptime: 0 days 11:35 hours

CPU: total 4 (initial active 4) (2 cores per cpu, 2 threads per core) family 6 model 61 stepping 4 microcode 0x2d, cx8, cmov, fxsr, ht, mmx, 3dnowpref, sse, sse2, sse3, ssse3, sse4.1, sse4.2, popcnt, lzcnt, tsc, tscinvbit, avx, avx2, aes, erms, clmul, bmi1, bmi2, rtm, adx, fma, vzeroupper, clflush, rdtscp, f16c
Processor Information for all 4 processors :
  Max Mhz: 2601, Current Mhz: 1200, Mhz Limit: 1196

Memory: 4k page, system-wide physical 8083M (928M free)
TotalPageFile size 13203M (AvailPageFile size 3713M)
current process WorkingSet (physical memory assigned to process): 152M, peak: 152M
current process commit charge ("private bytes"): 256M, peak: 258M

vm_info: Java HotSpot(TM) 64-Bit Server VM (21.0.4+8-LTS-274) for windows-amd64 JRE (21.0.4+8-LTS-274), built on 2024-06-05T05:23:33Z by "mach5one" with MS VC++ 17.6 (VS2022)

END.
